[2021-03-08 09:54:45] ERROR com.sir.springbootdemo.util.RedisUtils 44 putValue - [REDIS-ERROR] put k-v key=%s, value=%s
[2021-03-08 09:57:03] ERROR com.sir.springbootdemo.util.RedisUtils 44 putValue - [REDIS-ERROR] put k-v key=%s, value=%s
[2021-03-08 09:59:12] ERROR com.sir.springbootdemo.util.RedisUtils 44 putValue - [REDIS-ERROR] put k-v key=%s, value=%s
[2021-03-08 10:06:41] ERROR com.sir.springbootdemo.util.RedisUtils 44 putValue - [REDIS-ERROR] put k-v key=%s, value=%s
[2021-03-08 10:07:34] ERROR com.sir.springbootdemo.util.RedisUtils 44 putValue - [REDIS-ERROR] put k-v key=%s, value=%s
[2021-03-08 17:10:12] ERROR com.sir.springbootdemo.util.RedisUtils 97 getValue - [REDIS--ERROR]-->getValue(String key)错误:{} org.springframework.data.redis.RedisConnectionFailureException: Unable to connect to Redis; nested exception is io.lettuce.core.RedisConnectionException: Unable to connect to 192.168.43.144:6379
	at org.springframework.data.redis.connection.lettuce.LettuceConnectionFactory$ExceptionTranslatingConnectionProvider.translateException(LettuceConnectionFactory.java:1553) ~[spring-data-redis-2.4.5.jar:2.4.5]
	at org.springframework.data.redis.connection.lettuce.LettuceConnectionFactory$ExceptionTranslatingConnectionProvider.getConnection(LettuceConnectionFactory.java:1461) ~[spring-data-redis-2.4.5.jar:2.4.5]
	at org.springframework.data.redis.connection.lettuce.LettuceConnectionFactory$SharedConnection.getNativeConnection(LettuceConnectionFactory.java:1247) ~[spring-data-redis-2.4.5.jar:2.4.5]
	at org.springframework.data.redis.connection.lettuce.LettuceConnectionFactory$SharedConnection.getConnection(LettuceConnectionFactory.java:1230) ~[spring-data-redis-2.4.5.jar:2.4.5]
	at org.springframework.data.redis.connection.lettuce.LettuceConnectionFactory.getSharedConnection(LettuceConnectionFactory.java:979) ~[spring-data-redis-2.4.5.jar:2.4.5]
	at org.springframework.data.redis.connection.lettuce.LettuceConnectionFactory.getConnection(LettuceConnectionFactory.java:359) ~[spring-data-redis-2.4.5.jar:2.4.5]
	at org.springframework.data.redis.core.RedisConnectionUtils.fetchConnection(RedisConnectionUtils.java:193) ~[spring-data-redis-2.4.5.jar:2.4.5]
	at org.springframework.data.redis.core.RedisConnectionUtils.doGetConnection(RedisConnectionUtils.java:144) ~[spring-data-redis-2.4.5.jar:2.4.5]
	at org.springframework.data.redis.core.RedisConnectionUtils.getConnection(RedisConnectionUtils.java:105) ~[spring-data-redis-2.4.5.jar:2.4.5]
	at org.springframework.data.redis.core.RedisTemplate.execute(RedisTemplate.java:209) ~[spring-data-redis-2.4.5.jar:2.4.5]
	at org.springframework.data.redis.core.RedisTemplate.execute(RedisTemplate.java:189) ~[spring-data-redis-2.4.5.jar:2.4.5]
	at org.springframework.data.redis.core.AbstractOperations.execute(AbstractOperations.java:96) ~[spring-data-redis-2.4.5.jar:2.4.5]
	at org.springframework.data.redis.core.DefaultValueOperations.get(DefaultValueOperations.java:53) ~[spring-data-redis-2.4.5.jar:2.4.5]
	at com.sir.springbootdemo.util.RedisUtils.getValue(RedisUtils.java:94) [classes/:?]
	at com.sir.springbootdemo.Controller.RedisController.sendSMS(RedisController.java:26) [classes/:?]
	at sun.reflect.NativeMethodAccessorImpl.invoke0(Native Method) ~[?:1.8.0_231]
	at sun.reflect.NativeMethodAccessorImpl.invoke(NativeMethodAccessorImpl.java:62) ~[?:1.8.0_231]
	at sun.reflect.DelegatingMethodAccessorImpl.invoke(DelegatingMethodAccessorImpl.java:43) ~[?:1.8.0_231]
	at java.lang.reflect.Method.invoke(Method.java:498) ~[?:1.8.0_231]
	at org.springframework.web.method.support.InvocableHandlerMethod.doInvoke(InvocableHandlerMethod.java:197) [spring-web-5.3.4.jar:5.3.4]
	at org.springframework.web.method.support.InvocableHandlerMethod.invokeForRequest(InvocableHandlerMethod.java:141) [spring-web-5.3.4.jar:5.3.4]
	at org.springframework.web.servlet.mvc.method.annotation.ServletInvocableHandlerMethod.invokeAndHandle(ServletInvocableHandlerMethod.java:106) [spring-webmvc-5.3.4.jar:5.3.4]
	at org.springframework.web.servlet.mvc.method.annotation.RequestMappingHandlerAdapter.invokeHandlerMethod(RequestMappingHandlerAdapter.java:894) [spring-webmvc-5.3.4.jar:5.3.4]
	at org.springframework.web.servlet.mvc.method.annotation.RequestMappingHandlerAdapter.handleInternal(RequestMappingHandlerAdapter.java:808) [spring-webmvc-5.3.4.jar:5.3.4]
	at org.springframework.web.servlet.mvc.method.AbstractHandlerMethodAdapter.handle(AbstractHandlerMethodAdapter.java:87) [spring-webmvc-5.3.4.jar:5.3.4]
	at org.springframework.web.servlet.DispatcherServlet.doDispatch(DispatcherServlet.java:1060) [spring-webmvc-5.3.4.jar:5.3.4]
	at org.springframework.web.servlet.DispatcherServlet.doService(DispatcherServlet.java:962) [spring-webmvc-5.3.4.jar:5.3.4]
	at org.springframework.web.servlet.FrameworkServlet.processRequest(FrameworkServlet.java:1006) [spring-webmvc-5.3.4.jar:5.3.4]
	at org.springframework.web.servlet.FrameworkServlet.doPost(FrameworkServlet.java:909) [spring-webmvc-5.3.4.jar:5.3.4]
	at javax.servlet.http.HttpServlet.service(HttpServlet.java:652) [tomcat-embed-core-9.0.43.jar:4.0.FR]
	at org.springframework.web.servlet.FrameworkServlet.service(FrameworkServlet.java:883) [spring-webmvc-5.3.4.jar:5.3.4]
	at javax.servlet.http.HttpServlet.service(HttpServlet.java:733) [tomcat-embed-core-9.0.43.jar:4.0.FR]
	at org.apache.catalina.core.ApplicationFilterChain.internalDoFilter(ApplicationFilterChain.java:227) [tomcat-embed-core-9.0.43.jar:9.0.43]
	at org.apache.catalina.core.ApplicationFilterChain.doFilter(ApplicationFilterChain.java:162) [tomcat-embed-core-9.0.43.jar:9.0.43]
	at org.apache.tomcat.websocket.server.WsFilter.doFilter(WsFilter.java:53) [tomcat-embed-websocket-9.0.43.jar:9.0.43]
	at org.apache.catalina.core.ApplicationFilterChain.internalDoFilter(ApplicationFilterChain.java:189) [tomcat-embed-core-9.0.43.jar:9.0.43]
	at org.apache.catalina.core.ApplicationFilterChain.doFilter(ApplicationFilterChain.java:162) [tomcat-embed-core-9.0.43.jar:9.0.43]
	at org.springframework.web.filter.CharacterEncodingFilter.doFilterInternal(CharacterEncodingFilter.java:201) [spring-web-5.3.4.jar:5.3.4]
	at org.springframework.web.filter.OncePerRequestFilter.doFilter(OncePerRequestFilter.java:119) [spring-web-5.3.4.jar:5.3.4]
	at org.apache.catalina.core.ApplicationFilterChain.internalDoFilter(ApplicationFilterChain.java:189) [tomcat-embed-core-9.0.43.jar:9.0.43]
	at org.apache.catalina.core.ApplicationFilterChain.doFilter(ApplicationFilterChain.java:162) [tomcat-embed-core-9.0.43.jar:9.0.43]
	at org.apache.catalina.core.StandardWrapperValve.invoke(StandardWrapperValve.java:202) [tomcat-embed-core-9.0.43.jar:9.0.43]
	at org.apache.catalina.core.StandardContextValve.invoke(StandardContextValve.java:97) [tomcat-embed-core-9.0.43.jar:9.0.43]
	at org.apache.catalina.authenticator.AuthenticatorBase.invoke(AuthenticatorBase.java:542) [tomcat-embed-core-9.0.43.jar:9.0.43]
	at org.apache.catalina.core.StandardHostValve.invoke(StandardHostValve.java:143) [tomcat-embed-core-9.0.43.jar:9.0.43]
	at org.apache.catalina.valves.ErrorReportValve.invoke(ErrorReportValve.java:92) [tomcat-embed-core-9.0.43.jar:9.0.43]
	at org.apache.catalina.core.StandardEngineValve.invoke(StandardEngineValve.java:78) [tomcat-embed-core-9.0.43.jar:9.0.43]
	at org.apache.catalina.connector.CoyoteAdapter.service(CoyoteAdapter.java:346) [tomcat-embed-core-9.0.43.jar:9.0.43]
	at org.apache.coyote.http11.Http11Processor.service(Http11Processor.java:374) [tomcat-embed-core-9.0.43.jar:9.0.43]
	at org.apache.coyote.AbstractProcessorLight.process(AbstractProcessorLight.java:65) [tomcat-embed-core-9.0.43.jar:9.0.43]
	at org.apache.coyote.AbstractProtocol$ConnectionHandler.process(AbstractProtocol.java:887) [tomcat-embed-core-9.0.43.jar:9.0.43]
	at org.apache.tomcat.util.net.NioEndpoint$SocketProcessor.doRun(NioEndpoint.java:1684) [tomcat-embed-core-9.0.43.jar:9.0.43]
	at org.apache.tomcat.util.net.SocketProcessorBase.run(SocketProcessorBase.java:49) [tomcat-embed-core-9.0.43.jar:9.0.43]
	at java.util.concurrent.ThreadPoolExecutor.runWorker(ThreadPoolExecutor.java:1149) [?:1.8.0_231]
	at java.util.concurrent.ThreadPoolExecutor$Worker.run(ThreadPoolExecutor.java:624) [?:1.8.0_231]
	at org.apache.tomcat.util.threads.TaskThread$WrappingRunnable.run(TaskThread.java:61) [tomcat-embed-core-9.0.43.jar:9.0.43]
	at java.lang.Thread.run(Thread.java:748) [?:1.8.0_231]
Caused by: io.lettuce.core.RedisConnectionException: Unable to connect to 192.168.43.144:6379
	at io.lettuce.core.RedisConnectionException.create(RedisConnectionException.java:78) ~[lettuce-core-6.0.2.RELEASE.jar:6.0.2.RELEASE]
	at io.lettuce.core.RedisConnectionException.create(RedisConnectionException.java:56) ~[lettuce-core-6.0.2.RELEASE.jar:6.0.2.RELEASE]
	at io.lettuce.core.AbstractRedisClient.getConnection(AbstractRedisClient.java:320) ~[lettuce-core-6.0.2.RELEASE.jar:6.0.2.RELEASE]
	at io.lettuce.core.RedisClient.connect(RedisClient.java:211) ~[lettuce-core-6.0.2.RELEASE.jar:6.0.2.RELEASE]
	at org.springframework.data.redis.connection.lettuce.StandaloneConnectionProvider.lambda$getConnection$1(StandaloneConnectionProvider.java:115) ~[spring-data-redis-2.4.5.jar:2.4.5]
	at java.util.Optional.orElseGet(Optional.java:267) ~[?:1.8.0_231]
	at org.springframework.data.redis.connection.lettuce.StandaloneConnectionProvider.getConnection(StandaloneConnectionProvider.java:115) ~[spring-data-redis-2.4.5.jar:2.4.5]
	at org.springframework.data.redis.connection.lettuce.LettuceConnectionFactory$ExceptionTranslatingConnectionProvider.getConnection(LettuceConnectionFactory.java:1459) ~[spring-data-redis-2.4.5.jar:2.4.5]
	... 55 more
Caused by: io.netty.channel.ConnectTimeoutException: connection timed out: /192.168.43.144:6379
	at io.netty.channel.nio.AbstractNioChannel$AbstractNioUnsafe$1.run(AbstractNioChannel.java:261) ~[netty-transport-4.1.59.Final.jar:4.1.59.Final]
	at io.netty.util.concurrent.PromiseTask.runTask(PromiseTask.java:98) ~[netty-common-4.1.59.Final.jar:4.1.59.Final]
	at io.netty.util.concurrent.ScheduledFutureTask.run(ScheduledFutureTask.java:170) ~[netty-common-4.1.59.Final.jar:4.1.59.Final]
	at io.netty.util.concurrent.AbstractEventExecutor.safeExecute(AbstractEventExecutor.java:164) ~[netty-common-4.1.59.Final.jar:4.1.59.Final]
	at io.netty.util.concurrent.SingleThreadEventExecutor.runAllTasks(SingleThreadEventExecutor.java:472) ~[netty-common-4.1.59.Final.jar:4.1.59.Final]
	at io.netty.channel.nio.NioEventLoop.run(NioEventLoop.java:500) ~[netty-transport-4.1.59.Final.jar:4.1.59.Final]
	at io.netty.util.concurrent.SingleThreadEventExecutor$4.run(SingleThreadEventExecutor.java:989) ~[netty-common-4.1.59.Final.jar:4.1.59.Final]
	at io.netty.util.internal.ThreadExecutorMap$2.run(ThreadExecutorMap.java:74) ~[netty-common-4.1.59.Final.jar:4.1.59.Final]
	at io.netty.util.concurrent.FastThreadLocalRunnable.run(FastThreadLocalRunnable.java:30) ~[netty-common-4.1.59.Final.jar:4.1.59.Final]
	... 1 more

[2021-03-08 17:15:19] ERROR com.sir.springbootdemo.util.RedisUtils 97 getValue - [REDIS--ERROR]-->getValue(String key)错误:{} org.springframework.data.redis.RedisConnectionFailureException: Unable to connect to Redis; nested exception is io.lettuce.core.RedisConnectionException: Unable to connect to 192.168.43.144:6379
	at org.springframework.data.redis.connection.lettuce.LettuceConnectionFactory$ExceptionTranslatingConnectionProvider.translateException(LettuceConnectionFactory.java:1553) ~[spring-data-redis-2.4.5.jar:2.4.5]
	at org.springframework.data.redis.connection.lettuce.LettuceConnectionFactory$ExceptionTranslatingConnectionProvider.getConnection(LettuceConnectionFactory.java:1461) ~[spring-data-redis-2.4.5.jar:2.4.5]
	at org.springframework.data.redis.connection.lettuce.LettuceConnectionFactory$SharedConnection.getNativeConnection(LettuceConnectionFactory.java:1247) ~[spring-data-redis-2.4.5.jar:2.4.5]
	at org.springframework.data.redis.connection.lettuce.LettuceConnectionFactory$SharedConnection.getConnection(LettuceConnectionFactory.java:1230) ~[spring-data-redis-2.4.5.jar:2.4.5]
	at org.springframework.data.redis.connection.lettuce.LettuceConnectionFactory.getSharedConnection(LettuceConnectionFactory.java:979) ~[spring-data-redis-2.4.5.jar:2.4.5]
	at org.springframework.data.redis.connection.lettuce.LettuceConnectionFactory.getConnection(LettuceConnectionFactory.java:359) ~[spring-data-redis-2.4.5.jar:2.4.5]
	at org.springframework.data.redis.core.RedisConnectionUtils.fetchConnection(RedisConnectionUtils.java:193) ~[spring-data-redis-2.4.5.jar:2.4.5]
	at org.springframework.data.redis.core.RedisConnectionUtils.doGetConnection(RedisConnectionUtils.java:144) ~[spring-data-redis-2.4.5.jar:2.4.5]
	at org.springframework.data.redis.core.RedisConnectionUtils.getConnection(RedisConnectionUtils.java:105) ~[spring-data-redis-2.4.5.jar:2.4.5]
	at org.springframework.data.redis.core.RedisTemplate.execute(RedisTemplate.java:209) ~[spring-data-redis-2.4.5.jar:2.4.5]
	at org.springframework.data.redis.core.RedisTemplate.execute(RedisTemplate.java:189) ~[spring-data-redis-2.4.5.jar:2.4.5]
	at org.springframework.data.redis.core.AbstractOperations.execute(AbstractOperations.java:96) ~[spring-data-redis-2.4.5.jar:2.4.5]
	at org.springframework.data.redis.core.DefaultValueOperations.get(DefaultValueOperations.java:53) ~[spring-data-redis-2.4.5.jar:2.4.5]
	at com.sir.springbootdemo.util.RedisUtils.getValue(RedisUtils.java:94) [classes/:?]
	at com.sir.springbootdemo.Controller.RedisController.sendSMS(RedisController.java:26) [classes/:?]
	at sun.reflect.NativeMethodAccessorImpl.invoke0(Native Method) ~[?:1.8.0_231]
	at sun.reflect.NativeMethodAccessorImpl.invoke(NativeMethodAccessorImpl.java:62) ~[?:1.8.0_231]
	at sun.reflect.DelegatingMethodAccessorImpl.invoke(DelegatingMethodAccessorImpl.java:43) ~[?:1.8.0_231]
	at java.lang.reflect.Method.invoke(Method.java:498) ~[?:1.8.0_231]
	at org.springframework.web.method.support.InvocableHandlerMethod.doInvoke(InvocableHandlerMethod.java:197) [spring-web-5.3.4.jar:5.3.4]
	at org.springframework.web.method.support.InvocableHandlerMethod.invokeForRequest(InvocableHandlerMethod.java:141) [spring-web-5.3.4.jar:5.3.4]
	at org.springframework.web.servlet.mvc.method.annotation.ServletInvocableHandlerMethod.invokeAndHandle(ServletInvocableHandlerMethod.java:106) [spring-webmvc-5.3.4.jar:5.3.4]
	at org.springframework.web.servlet.mvc.method.annotation.RequestMappingHandlerAdapter.invokeHandlerMethod(RequestMappingHandlerAdapter.java:894) [spring-webmvc-5.3.4.jar:5.3.4]
	at org.springframework.web.servlet.mvc.method.annotation.RequestMappingHandlerAdapter.handleInternal(RequestMappingHandlerAdapter.java:808) [spring-webmvc-5.3.4.jar:5.3.4]
	at org.springframework.web.servlet.mvc.method.AbstractHandlerMethodAdapter.handle(AbstractHandlerMethodAdapter.java:87) [spring-webmvc-5.3.4.jar:5.3.4]
	at org.springframework.web.servlet.DispatcherServlet.doDispatch(DispatcherServlet.java:1060) [spring-webmvc-5.3.4.jar:5.3.4]
	at org.springframework.web.servlet.DispatcherServlet.doService(DispatcherServlet.java:962) [spring-webmvc-5.3.4.jar:5.3.4]
	at org.springframework.web.servlet.FrameworkServlet.processRequest(FrameworkServlet.java:1006) [spring-webmvc-5.3.4.jar:5.3.4]
	at org.springframework.web.servlet.FrameworkServlet.doPost(FrameworkServlet.java:909) [spring-webmvc-5.3.4.jar:5.3.4]
	at javax.servlet.http.HttpServlet.service(HttpServlet.java:652) [tomcat-embed-core-9.0.43.jar:4.0.FR]
	at org.springframework.web.servlet.FrameworkServlet.service(FrameworkServlet.java:883) [spring-webmvc-5.3.4.jar:5.3.4]
	at javax.servlet.http.HttpServlet.service(HttpServlet.java:733) [tomcat-embed-core-9.0.43.jar:4.0.FR]
	at org.apache.catalina.core.ApplicationFilterChain.internalDoFilter(ApplicationFilterChain.java:227) [tomcat-embed-core-9.0.43.jar:9.0.43]
	at org.apache.catalina.core.ApplicationFilterChain.doFilter(ApplicationFilterChain.java:162) [tomcat-embed-core-9.0.43.jar:9.0.43]
	at org.apache.tomcat.websocket.server.WsFilter.doFilter(WsFilter.java:53) [tomcat-embed-websocket-9.0.43.jar:9.0.43]
	at org.apache.catalina.core.ApplicationFilterChain.internalDoFilter(ApplicationFilterChain.java:189) [tomcat-embed-core-9.0.43.jar:9.0.43]
	at org.apache.catalina.core.ApplicationFilterChain.doFilter(ApplicationFilterChain.java:162) [tomcat-embed-core-9.0.43.jar:9.0.43]
	at org.springframework.web.filter.CharacterEncodingFilter.doFilterInternal(CharacterEncodingFilter.java:201) [spring-web-5.3.4.jar:5.3.4]
	at org.springframework.web.filter.OncePerRequestFilter.doFilter(OncePerRequestFilter.java:119) [spring-web-5.3.4.jar:5.3.4]
	at org.apache.catalina.core.ApplicationFilterChain.internalDoFilter(ApplicationFilterChain.java:189) [tomcat-embed-core-9.0.43.jar:9.0.43]
	at org.apache.catalina.core.ApplicationFilterChain.doFilter(ApplicationFilterChain.java:162) [tomcat-embed-core-9.0.43.jar:9.0.43]
	at org.apache.catalina.core.StandardWrapperValve.invoke(StandardWrapperValve.java:202) [tomcat-embed-core-9.0.43.jar:9.0.43]
	at org.apache.catalina.core.StandardContextValve.invoke(StandardContextValve.java:97) [tomcat-embed-core-9.0.43.jar:9.0.43]
	at org.apache.catalina.authenticator.AuthenticatorBase.invoke(AuthenticatorBase.java:542) [tomcat-embed-core-9.0.43.jar:9.0.43]
	at org.apache.catalina.core.StandardHostValve.invoke(StandardHostValve.java:143) [tomcat-embed-core-9.0.43.jar:9.0.43]
	at org.apache.catalina.valves.ErrorReportValve.invoke(ErrorReportValve.java:92) [tomcat-embed-core-9.0.43.jar:9.0.43]
	at org.apache.catalina.core.StandardEngineValve.invoke(StandardEngineValve.java:78) [tomcat-embed-core-9.0.43.jar:9.0.43]
	at org.apache.catalina.connector.CoyoteAdapter.service(CoyoteAdapter.java:346) [tomcat-embed-core-9.0.43.jar:9.0.43]
	at org.apache.coyote.http11.Http11Processor.service(Http11Processor.java:374) [tomcat-embed-core-9.0.43.jar:9.0.43]
	at org.apache.coyote.AbstractProcessorLight.process(AbstractProcessorLight.java:65) [tomcat-embed-core-9.0.43.jar:9.0.43]
	at org.apache.coyote.AbstractProtocol$ConnectionHandler.process(AbstractProtocol.java:887) [tomcat-embed-core-9.0.43.jar:9.0.43]
	at org.apache.tomcat.util.net.NioEndpoint$SocketProcessor.doRun(NioEndpoint.java:1684) [tomcat-embed-core-9.0.43.jar:9.0.43]
	at org.apache.tomcat.util.net.SocketProcessorBase.run(SocketProcessorBase.java:49) [tomcat-embed-core-9.0.43.jar:9.0.43]
	at java.util.concurrent.ThreadPoolExecutor.runWorker(ThreadPoolExecutor.java:1149) [?:1.8.0_231]
	at java.util.concurrent.ThreadPoolExecutor$Worker.run(ThreadPoolExecutor.java:624) [?:1.8.0_231]
	at org.apache.tomcat.util.threads.TaskThread$WrappingRunnable.run(TaskThread.java:61) [tomcat-embed-core-9.0.43.jar:9.0.43]
	at java.lang.Thread.run(Thread.java:748) [?:1.8.0_231]
Caused by: io.lettuce.core.RedisConnectionException: Unable to connect to 192.168.43.144:6379
	at io.lettuce.core.RedisConnectionException.create(RedisConnectionException.java:78) ~[lettuce-core-6.0.2.RELEASE.jar:6.0.2.RELEASE]
	at io.lettuce.core.RedisConnectionException.create(RedisConnectionException.java:56) ~[lettuce-core-6.0.2.RELEASE.jar:6.0.2.RELEASE]
	at io.lettuce.core.AbstractRedisClient.getConnection(AbstractRedisClient.java:320) ~[lettuce-core-6.0.2.RELEASE.jar:6.0.2.RELEASE]
	at io.lettuce.core.RedisClient.connect(RedisClient.java:211) ~[lettuce-core-6.0.2.RELEASE.jar:6.0.2.RELEASE]
	at org.springframework.data.redis.connection.lettuce.StandaloneConnectionProvider.lambda$getConnection$1(StandaloneConnectionProvider.java:115) ~[spring-data-redis-2.4.5.jar:2.4.5]
	at java.util.Optional.orElseGet(Optional.java:267) ~[?:1.8.0_231]
	at org.springframework.data.redis.connection.lettuce.StandaloneConnectionProvider.getConnection(StandaloneConnectionProvider.java:115) ~[spring-data-redis-2.4.5.jar:2.4.5]
	at org.springframework.data.redis.connection.lettuce.LettuceConnectionFactory$ExceptionTranslatingConnectionProvider.getConnection(LettuceConnectionFactory.java:1459) ~[spring-data-redis-2.4.5.jar:2.4.5]
	... 55 more
Caused by: io.netty.channel.ConnectTimeoutException: connection timed out: /192.168.43.144:6379
	at io.netty.channel.nio.AbstractNioChannel$AbstractNioUnsafe$1.run(AbstractNioChannel.java:261) ~[netty-transport-4.1.59.Final.jar:4.1.59.Final]
	at io.netty.util.concurrent.PromiseTask.runTask(PromiseTask.java:98) ~[netty-common-4.1.59.Final.jar:4.1.59.Final]
	at io.netty.util.concurrent.ScheduledFutureTask.run(ScheduledFutureTask.java:170) ~[netty-common-4.1.59.Final.jar:4.1.59.Final]
	at io.netty.util.concurrent.AbstractEventExecutor.safeExecute(AbstractEventExecutor.java:164) ~[netty-common-4.1.59.Final.jar:4.1.59.Final]
	at io.netty.util.concurrent.SingleThreadEventExecutor.runAllTasks(SingleThreadEventExecutor.java:472) ~[netty-common-4.1.59.Final.jar:4.1.59.Final]
	at io.netty.channel.nio.NioEventLoop.run(NioEventLoop.java:500) ~[netty-transport-4.1.59.Final.jar:4.1.59.Final]
	at io.netty.util.concurrent.SingleThreadEventExecutor$4.run(SingleThreadEventExecutor.java:989) ~[netty-common-4.1.59.Final.jar:4.1.59.Final]
	at io.netty.util.internal.ThreadExecutorMap$2.run(ThreadExecutorMap.java:74) ~[netty-common-4.1.59.Final.jar:4.1.59.Final]
	at io.netty.util.concurrent.FastThreadLocalRunnable.run(FastThreadLocalRunnable.java:30) ~[netty-common-4.1.59.Final.jar:4.1.59.Final]
	... 1 more

[2021-03-08 17:43:18] ERROR com.sir.springbootdemo.util.RedisUtils 44 putValue - [REDIS-ERROR] put k-v key=%s, value=%s
