[2021-03-08 09:54:18] WARN  org.springframework.web.servlet.DispatcherServlet 1271 noHandlerFound - No mapping for POST /test/add
[2021-03-08 10:03:13] WARN  org.springframework.web.servlet.handler.AbstractHandlerExceptionResolver 207 logException - Resolved [org.springframework.web.HttpRequestMethodNotSupportedException: Request method 'POST' not supported]
[2021-03-08 10:03:20] WARN  org.springframework.web.servlet.handler.AbstractHandlerExceptionResolver 207 logException - Resolved [org.springframework.web.HttpRequestMethodNotSupportedException: Request method 'POST' not supported]
[2021-03-08 10:03:21] WARN  org.springframework.web.servlet.handler.AbstractHandlerExceptionResolver 207 logException - Resolved [org.springframework.web.HttpRequestMethodNotSupportedException: Request method 'POST' not supported]
[2021-03-08 10:03:43] WARN  org.springframework.web.servlet.handler.AbstractHandlerExceptionResolver 207 logException - Resolved [org.springframework.web.HttpRequestMethodNotSupportedException: Request method 'POST' not supported]
[2021-03-08 10:03:45] WARN  org.springframework.web.servlet.handler.AbstractHandlerExceptionResolver 207 logException - Resolved [org.springframework.web.HttpRequestMethodNotSupportedException: Request method 'POST' not supported]
[2021-03-08 10:04:09] WARN  org.springframework.web.servlet.handler.AbstractHandlerExceptionResolver 207 logException - Resolved [org.springframework.web.HttpRequestMethodNotSupportedException: Request method 'POST' not supported]
[2021-03-08 10:04:10] WARN  org.springframework.web.servlet.handler.AbstractHandlerExceptionResolver 207 logException - Resolved [org.springframework.web.HttpRequestMethodNotSupportedException: Request method 'POST' not supported]
[2021-03-08 10:04:14] WARN  org.springframework.web.servlet.handler.AbstractHandlerExceptionResolver 207 logException - Resolved [org.springframework.web.HttpRequestMethodNotSupportedException: Request method 'POST' not supported]
[2021-03-08 10:06:16] WARN  org.springframework.web.servlet.handler.AbstractHandlerExceptionResolver 207 logException - Resolved [org.springframework.web.HttpRequestMethodNotSupportedException: Request method 'POST' not supported]
[2021-03-08 10:06:18] WARN  org.springframework.web.servlet.handler.AbstractHandlerExceptionResolver 207 logException - Resolved [org.springframework.web.HttpRequestMethodNotSupportedException: Request method 'POST' not supported]
[2021-03-08 10:10:13] WARN  org.springframework.web.servlet.handler.AbstractHandlerExceptionResolver 207 logException - Resolved [org.springframework.web.HttpRequestMethodNotSupportedException: Request method 'POST' not supported]
[2021-03-08 10:37:07] WARN  org.springframework.web.servlet.handler.AbstractHandlerExceptionResolver 207 logException - Resolved [org.springframework.web.HttpRequestMethodNotSupportedException: Request method 'POST' not supported]
[2021-03-08 10:44:24] WARN  org.springframework.web.servlet.handler.AbstractHandlerExceptionResolver 207 logException - Resolved [org.springframework.web.HttpRequestMethodNotSupportedException: Request method 'PUT' not supported]
[2021-03-08 14:19:06] WARN  io.netty.util.internal.logging.AbstractInternalLogger 105 log - Cannot reconnect to [192.168.43.144:6379]: No route to host: no further information: /192.168.43.144:6379 io.netty.channel.AbstractChannel$AnnotatedNoRouteToHostException: No route to host: no further information: /192.168.43.144:6379
Caused by: java.net.NoRouteToHostException: No route to host: no further information
	at sun.nio.ch.SocketChannelImpl.checkConnect(Native Method) ~[?:1.8.0_231]
	at sun.nio.ch.SocketChannelImpl.finishConnect(SocketChannelImpl.java:717) ~[?:1.8.0_231]
	at io.netty.channel.socket.nio.NioSocketChannel.doFinishConnect(NioSocketChannel.java:330) ~[netty-transport-4.1.59.Final.jar:4.1.59.Final]
	at io.netty.channel.nio.AbstractNioChannel$AbstractNioUnsafe.finishConnect(AbstractNioChannel.java:334) [netty-transport-4.1.59.Final.jar:4.1.59.Final]
	at io.netty.channel.nio.NioEventLoop.processSelectedKey(NioEventLoop.java:707) [netty-transport-4.1.59.Final.jar:4.1.59.Final]
	at io.netty.channel.nio.NioEventLoop.processSelectedKeysOptimized(NioEventLoop.java:655) [netty-transport-4.1.59.Final.jar:4.1.59.Final]
	at io.netty.channel.nio.NioEventLoop.processSelectedKeys(NioEventLoop.java:581) [netty-transport-4.1.59.Final.jar:4.1.59.Final]
	at io.netty.channel.nio.NioEventLoop.run(NioEventLoop.java:493) [netty-transport-4.1.59.Final.jar:4.1.59.Final]
	at io.netty.util.concurrent.SingleThreadEventExecutor$4.run(SingleThreadEventExecutor.java:989) [netty-common-4.1.59.Final.jar:4.1.59.Final]
	at io.netty.util.internal.ThreadExecutorMap$2.run(ThreadExecutorMap.java:74) [netty-common-4.1.59.Final.jar:4.1.59.Final]
	at io.netty.util.concurrent.FastThreadLocalRunnable.run(FastThreadLocalRunnable.java:30) [netty-common-4.1.59.Final.jar:4.1.59.Final]
	at java.lang.Thread.run(Thread.java:748) [?:1.8.0_231]

[2021-03-08 14:19:11] WARN  io.netty.util.internal.logging.AbstractInternalLogger 105 log - Cannot reconnect to [192.168.43.144:6379]: No route to host: no further information: /192.168.43.144:6379 io.netty.channel.AbstractChannel$AnnotatedNoRouteToHostException: No route to host: no further information: /192.168.43.144:6379
Caused by: java.net.NoRouteToHostException: No route to host: no further information
	at sun.nio.ch.SocketChannelImpl.checkConnect(Native Method) ~[?:1.8.0_231]
	at sun.nio.ch.SocketChannelImpl.finishConnect(SocketChannelImpl.java:717) ~[?:1.8.0_231]
	at io.netty.channel.socket.nio.NioSocketChannel.doFinishConnect(NioSocketChannel.java:330) ~[netty-transport-4.1.59.Final.jar:4.1.59.Final]
	at io.netty.channel.nio.AbstractNioChannel$AbstractNioUnsafe.finishConnect(AbstractNioChannel.java:334) [netty-transport-4.1.59.Final.jar:4.1.59.Final]
	at io.netty.channel.nio.NioEventLoop.processSelectedKey(NioEventLoop.java:707) [netty-transport-4.1.59.Final.jar:4.1.59.Final]
	at io.netty.channel.nio.NioEventLoop.processSelectedKeysOptimized(NioEventLoop.java:655) [netty-transport-4.1.59.Final.jar:4.1.59.Final]
	at io.netty.channel.nio.NioEventLoop.processSelectedKeys(NioEventLoop.java:581) [netty-transport-4.1.59.Final.jar:4.1.59.Final]
	at io.netty.channel.nio.NioEventLoop.run(NioEventLoop.java:493) [netty-transport-4.1.59.Final.jar:4.1.59.Final]
	at io.netty.util.concurrent.SingleThreadEventExecutor$4.run(SingleThreadEventExecutor.java:989) [netty-common-4.1.59.Final.jar:4.1.59.Final]
	at io.netty.util.internal.ThreadExecutorMap$2.run(ThreadExecutorMap.java:74) [netty-common-4.1.59.Final.jar:4.1.59.Final]
	at io.netty.util.concurrent.FastThreadLocalRunnable.run(FastThreadLocalRunnable.java:30) [netty-common-4.1.59.Final.jar:4.1.59.Final]
	at java.lang.Thread.run(Thread.java:748) [?:1.8.0_231]

[2021-03-08 14:19:24] WARN  io.netty.util.internal.logging.AbstractInternalLogger 105 log - Cannot reconnect to [192.168.43.144:6379]: No route to host: no further information: /192.168.43.144:6379 io.netty.channel.AbstractChannel$AnnotatedNoRouteToHostException: No route to host: no further information: /192.168.43.144:6379
Caused by: java.net.NoRouteToHostException: No route to host: no further information
	at sun.nio.ch.SocketChannelImpl.checkConnect(Native Method) ~[?:1.8.0_231]
	at sun.nio.ch.SocketChannelImpl.finishConnect(SocketChannelImpl.java:717) ~[?:1.8.0_231]
	at io.netty.channel.socket.nio.NioSocketChannel.doFinishConnect(NioSocketChannel.java:330) ~[netty-transport-4.1.59.Final.jar:4.1.59.Final]
	at io.netty.channel.nio.AbstractNioChannel$AbstractNioUnsafe.finishConnect(AbstractNioChannel.java:334) [netty-transport-4.1.59.Final.jar:4.1.59.Final]
	at io.netty.channel.nio.NioEventLoop.processSelectedKey(NioEventLoop.java:707) [netty-transport-4.1.59.Final.jar:4.1.59.Final]
	at io.netty.channel.nio.NioEventLoop.processSelectedKeysOptimized(NioEventLoop.java:655) [netty-transport-4.1.59.Final.jar:4.1.59.Final]
	at io.netty.channel.nio.NioEventLoop.processSelectedKeys(NioEventLoop.java:581) [netty-transport-4.1.59.Final.jar:4.1.59.Final]
	at io.netty.channel.nio.NioEventLoop.run(NioEventLoop.java:493) [netty-transport-4.1.59.Final.jar:4.1.59.Final]
	at io.netty.util.concurrent.SingleThreadEventExecutor$4.run(SingleThreadEventExecutor.java:989) [netty-common-4.1.59.Final.jar:4.1.59.Final]
	at io.netty.util.internal.ThreadExecutorMap$2.run(ThreadExecutorMap.java:74) [netty-common-4.1.59.Final.jar:4.1.59.Final]
	at io.netty.util.concurrent.FastThreadLocalRunnable.run(FastThreadLocalRunnable.java:30) [netty-common-4.1.59.Final.jar:4.1.59.Final]
	at java.lang.Thread.run(Thread.java:748) [?:1.8.0_231]

[2021-03-08 14:19:40] WARN  io.netty.util.internal.logging.AbstractInternalLogger 105 log - Cannot reconnect to [192.168.43.144:6379]: No route to host: no further information: /192.168.43.144:6379 io.netty.channel.AbstractChannel$AnnotatedNoRouteToHostException: No route to host: no further information: /192.168.43.144:6379
Caused by: java.net.NoRouteToHostException: No route to host: no further information
	at sun.nio.ch.SocketChannelImpl.checkConnect(Native Method) ~[?:1.8.0_231]
	at sun.nio.ch.SocketChannelImpl.finishConnect(SocketChannelImpl.java:717) ~[?:1.8.0_231]
	at io.netty.channel.socket.nio.NioSocketChannel.doFinishConnect(NioSocketChannel.java:330) ~[netty-transport-4.1.59.Final.jar:4.1.59.Final]
	at io.netty.channel.nio.AbstractNioChannel$AbstractNioUnsafe.finishConnect(AbstractNioChannel.java:334) [netty-transport-4.1.59.Final.jar:4.1.59.Final]
	at io.netty.channel.nio.NioEventLoop.processSelectedKey(NioEventLoop.java:707) [netty-transport-4.1.59.Final.jar:4.1.59.Final]
	at io.netty.channel.nio.NioEventLoop.processSelectedKeysOptimized(NioEventLoop.java:655) [netty-transport-4.1.59.Final.jar:4.1.59.Final]
	at io.netty.channel.nio.NioEventLoop.processSelectedKeys(NioEventLoop.java:581) [netty-transport-4.1.59.Final.jar:4.1.59.Final]
	at io.netty.channel.nio.NioEventLoop.run(NioEventLoop.java:493) [netty-transport-4.1.59.Final.jar:4.1.59.Final]
	at io.netty.util.concurrent.SingleThreadEventExecutor$4.run(SingleThreadEventExecutor.java:989) [netty-common-4.1.59.Final.jar:4.1.59.Final]
	at io.netty.util.internal.ThreadExecutorMap$2.run(ThreadExecutorMap.java:74) [netty-common-4.1.59.Final.jar:4.1.59.Final]
	at io.netty.util.concurrent.FastThreadLocalRunnable.run(FastThreadLocalRunnable.java:30) [netty-common-4.1.59.Final.jar:4.1.59.Final]
	at java.lang.Thread.run(Thread.java:748) [?:1.8.0_231]

[2021-03-08 14:20:10] WARN  io.netty.util.internal.logging.AbstractInternalLogger 105 log - Cannot reconnect to [192.168.43.144:6379]: No route to host: no further information: /192.168.43.144:6379 io.netty.channel.AbstractChannel$AnnotatedNoRouteToHostException: No route to host: no further information: /192.168.43.144:6379
Caused by: java.net.NoRouteToHostException: No route to host: no further information
	at sun.nio.ch.SocketChannelImpl.checkConnect(Native Method) ~[?:1.8.0_231]
	at sun.nio.ch.SocketChannelImpl.finishConnect(SocketChannelImpl.java:717) ~[?:1.8.0_231]
	at io.netty.channel.socket.nio.NioSocketChannel.doFinishConnect(NioSocketChannel.java:330) ~[netty-transport-4.1.59.Final.jar:4.1.59.Final]
	at io.netty.channel.nio.AbstractNioChannel$AbstractNioUnsafe.finishConnect(AbstractNioChannel.java:334) [netty-transport-4.1.59.Final.jar:4.1.59.Final]
	at io.netty.channel.nio.NioEventLoop.processSelectedKey(NioEventLoop.java:707) [netty-transport-4.1.59.Final.jar:4.1.59.Final]
	at io.netty.channel.nio.NioEventLoop.processSelectedKeysOptimized(NioEventLoop.java:655) [netty-transport-4.1.59.Final.jar:4.1.59.Final]
	at io.netty.channel.nio.NioEventLoop.processSelectedKeys(NioEventLoop.java:581) [netty-transport-4.1.59.Final.jar:4.1.59.Final]
	at io.netty.channel.nio.NioEventLoop.run(NioEventLoop.java:493) [netty-transport-4.1.59.Final.jar:4.1.59.Final]
	at io.netty.util.concurrent.SingleThreadEventExecutor$4.run(SingleThreadEventExecutor.java:989) [netty-common-4.1.59.Final.jar:4.1.59.Final]
	at io.netty.util.internal.ThreadExecutorMap$2.run(ThreadExecutorMap.java:74) [netty-common-4.1.59.Final.jar:4.1.59.Final]
	at io.netty.util.concurrent.FastThreadLocalRunnable.run(FastThreadLocalRunnable.java:30) [netty-common-4.1.59.Final.jar:4.1.59.Final]
	at java.lang.Thread.run(Thread.java:748) [?:1.8.0_231]

[2021-03-08 14:20:40] WARN  io.netty.util.internal.logging.AbstractInternalLogger 105 log - Cannot reconnect to [192.168.43.144:6379]: No route to host: no further information: /192.168.43.144:6379 io.netty.channel.AbstractChannel$AnnotatedNoRouteToHostException: No route to host: no further information: /192.168.43.144:6379
Caused by: java.net.NoRouteToHostException: No route to host: no further information
	at sun.nio.ch.SocketChannelImpl.checkConnect(Native Method) ~[?:1.8.0_231]
	at sun.nio.ch.SocketChannelImpl.finishConnect(SocketChannelImpl.java:717) ~[?:1.8.0_231]
	at io.netty.channel.socket.nio.NioSocketChannel.doFinishConnect(NioSocketChannel.java:330) ~[netty-transport-4.1.59.Final.jar:4.1.59.Final]
	at io.netty.channel.nio.AbstractNioChannel$AbstractNioUnsafe.finishConnect(AbstractNioChannel.java:334) [netty-transport-4.1.59.Final.jar:4.1.59.Final]
	at io.netty.channel.nio.NioEventLoop.processSelectedKey(NioEventLoop.java:707) [netty-transport-4.1.59.Final.jar:4.1.59.Final]
	at io.netty.channel.nio.NioEventLoop.processSelectedKeysOptimized(NioEventLoop.java:655) [netty-transport-4.1.59.Final.jar:4.1.59.Final]
	at io.netty.channel.nio.NioEventLoop.processSelectedKeys(NioEventLoop.java:581) [netty-transport-4.1.59.Final.jar:4.1.59.Final]
	at io.netty.channel.nio.NioEventLoop.run(NioEventLoop.java:493) [netty-transport-4.1.59.Final.jar:4.1.59.Final]
	at io.netty.util.concurrent.SingleThreadEventExecutor$4.run(SingleThreadEventExecutor.java:989) [netty-common-4.1.59.Final.jar:4.1.59.Final]
	at io.netty.util.internal.ThreadExecutorMap$2.run(ThreadExecutorMap.java:74) [netty-common-4.1.59.Final.jar:4.1.59.Final]
	at io.netty.util.concurrent.FastThreadLocalRunnable.run(FastThreadLocalRunnable.java:30) [netty-common-4.1.59.Final.jar:4.1.59.Final]
	at java.lang.Thread.run(Thread.java:748) [?:1.8.0_231]

[2021-03-08 14:21:10] WARN  io.netty.util.internal.logging.AbstractInternalLogger 105 log - Cannot reconnect to [192.168.43.144:6379]: No route to host: no further information: /192.168.43.144:6379 io.netty.channel.AbstractChannel$AnnotatedNoRouteToHostException: No route to host: no further information: /192.168.43.144:6379
Caused by: java.net.NoRouteToHostException: No route to host: no further information
	at sun.nio.ch.SocketChannelImpl.checkConnect(Native Method) ~[?:1.8.0_231]
	at sun.nio.ch.SocketChannelImpl.finishConnect(SocketChannelImpl.java:717) ~[?:1.8.0_231]
	at io.netty.channel.socket.nio.NioSocketChannel.doFinishConnect(NioSocketChannel.java:330) ~[netty-transport-4.1.59.Final.jar:4.1.59.Final]
	at io.netty.channel.nio.AbstractNioChannel$AbstractNioUnsafe.finishConnect(AbstractNioChannel.java:334) [netty-transport-4.1.59.Final.jar:4.1.59.Final]
	at io.netty.channel.nio.NioEventLoop.processSelectedKey(NioEventLoop.java:707) [netty-transport-4.1.59.Final.jar:4.1.59.Final]
	at io.netty.channel.nio.NioEventLoop.processSelectedKeysOptimized(NioEventLoop.java:655) [netty-transport-4.1.59.Final.jar:4.1.59.Final]
	at io.netty.channel.nio.NioEventLoop.processSelectedKeys(NioEventLoop.java:581) [netty-transport-4.1.59.Final.jar:4.1.59.Final]
	at io.netty.channel.nio.NioEventLoop.run(NioEventLoop.java:493) [netty-transport-4.1.59.Final.jar:4.1.59.Final]
	at io.netty.util.concurrent.SingleThreadEventExecutor$4.run(SingleThreadEventExecutor.java:989) [netty-common-4.1.59.Final.jar:4.1.59.Final]
	at io.netty.util.internal.ThreadExecutorMap$2.run(ThreadExecutorMap.java:74) [netty-common-4.1.59.Final.jar:4.1.59.Final]
	at io.netty.util.concurrent.FastThreadLocalRunnable.run(FastThreadLocalRunnable.java:30) [netty-common-4.1.59.Final.jar:4.1.59.Final]
	at java.lang.Thread.run(Thread.java:748) [?:1.8.0_231]

[2021-03-08 14:21:40] WARN  io.netty.util.internal.logging.AbstractInternalLogger 105 log - Cannot reconnect to [192.168.43.144:6379]: No route to host: no further information: /192.168.43.144:6379 io.netty.channel.AbstractChannel$AnnotatedNoRouteToHostException: No route to host: no further information: /192.168.43.144:6379
Caused by: java.net.NoRouteToHostException: No route to host: no further information
	at sun.nio.ch.SocketChannelImpl.checkConnect(Native Method) ~[?:1.8.0_231]
	at sun.nio.ch.SocketChannelImpl.finishConnect(SocketChannelImpl.java:717) ~[?:1.8.0_231]
	at io.netty.channel.socket.nio.NioSocketChannel.doFinishConnect(NioSocketChannel.java:330) ~[netty-transport-4.1.59.Final.jar:4.1.59.Final]
	at io.netty.channel.nio.AbstractNioChannel$AbstractNioUnsafe.finishConnect(AbstractNioChannel.java:334) [netty-transport-4.1.59.Final.jar:4.1.59.Final]
	at io.netty.channel.nio.NioEventLoop.processSelectedKey(NioEventLoop.java:707) [netty-transport-4.1.59.Final.jar:4.1.59.Final]
	at io.netty.channel.nio.NioEventLoop.processSelectedKeysOptimized(NioEventLoop.java:655) [netty-transport-4.1.59.Final.jar:4.1.59.Final]
	at io.netty.channel.nio.NioEventLoop.processSelectedKeys(NioEventLoop.java:581) [netty-transport-4.1.59.Final.jar:4.1.59.Final]
	at io.netty.channel.nio.NioEventLoop.run(NioEventLoop.java:493) [netty-transport-4.1.59.Final.jar:4.1.59.Final]
	at io.netty.util.concurrent.SingleThreadEventExecutor$4.run(SingleThreadEventExecutor.java:989) [netty-common-4.1.59.Final.jar:4.1.59.Final]
	at io.netty.util.internal.ThreadExecutorMap$2.run(ThreadExecutorMap.java:74) [netty-common-4.1.59.Final.jar:4.1.59.Final]
	at io.netty.util.concurrent.FastThreadLocalRunnable.run(FastThreadLocalRunnable.java:30) [netty-common-4.1.59.Final.jar:4.1.59.Final]
	at java.lang.Thread.run(Thread.java:748) [?:1.8.0_231]

[2021-03-08 14:22:11] WARN  io.netty.util.internal.logging.AbstractInternalLogger 105 log - Cannot reconnect to [192.168.43.144:6379]: No route to host: no further information: /192.168.43.144:6379 io.netty.channel.AbstractChannel$AnnotatedNoRouteToHostException: No route to host: no further information: /192.168.43.144:6379
Caused by: java.net.NoRouteToHostException: No route to host: no further information
	at sun.nio.ch.SocketChannelImpl.checkConnect(Native Method) ~[?:1.8.0_231]
	at sun.nio.ch.SocketChannelImpl.finishConnect(SocketChannelImpl.java:717) ~[?:1.8.0_231]
	at io.netty.channel.socket.nio.NioSocketChannel.doFinishConnect(NioSocketChannel.java:330) ~[netty-transport-4.1.59.Final.jar:4.1.59.Final]
	at io.netty.channel.nio.AbstractNioChannel$AbstractNioUnsafe.finishConnect(AbstractNioChannel.java:334) [netty-transport-4.1.59.Final.jar:4.1.59.Final]
	at io.netty.channel.nio.NioEventLoop.processSelectedKey(NioEventLoop.java:707) [netty-transport-4.1.59.Final.jar:4.1.59.Final]
	at io.netty.channel.nio.NioEventLoop.processSelectedKeysOptimized(NioEventLoop.java:655) [netty-transport-4.1.59.Final.jar:4.1.59.Final]
	at io.netty.channel.nio.NioEventLoop.processSelectedKeys(NioEventLoop.java:581) [netty-transport-4.1.59.Final.jar:4.1.59.Final]
	at io.netty.channel.nio.NioEventLoop.run(NioEventLoop.java:493) [netty-transport-4.1.59.Final.jar:4.1.59.Final]
	at io.netty.util.concurrent.SingleThreadEventExecutor$4.run(SingleThreadEventExecutor.java:989) [netty-common-4.1.59.Final.jar:4.1.59.Final]
	at io.netty.util.internal.ThreadExecutorMap$2.run(ThreadExecutorMap.java:74) [netty-common-4.1.59.Final.jar:4.1.59.Final]
	at io.netty.util.concurrent.FastThreadLocalRunnable.run(FastThreadLocalRunnable.java:30) [netty-common-4.1.59.Final.jar:4.1.59.Final]
	at java.lang.Thread.run(Thread.java:748) [?:1.8.0_231]

[2021-03-08 14:22:41] WARN  io.netty.util.internal.logging.AbstractInternalLogger 105 log - Cannot reconnect to [192.168.43.144:6379]: No route to host: no further information: /192.168.43.144:6379 io.netty.channel.AbstractChannel$AnnotatedNoRouteToHostException: No route to host: no further information: /192.168.43.144:6379
Caused by: java.net.NoRouteToHostException: No route to host: no further information
	at sun.nio.ch.SocketChannelImpl.checkConnect(Native Method) ~[?:1.8.0_231]
	at sun.nio.ch.SocketChannelImpl.finishConnect(SocketChannelImpl.java:717) ~[?:1.8.0_231]
	at io.netty.channel.socket.nio.NioSocketChannel.doFinishConnect(NioSocketChannel.java:330) ~[netty-transport-4.1.59.Final.jar:4.1.59.Final]
	at io.netty.channel.nio.AbstractNioChannel$AbstractNioUnsafe.finishConnect(AbstractNioChannel.java:334) [netty-transport-4.1.59.Final.jar:4.1.59.Final]
	at io.netty.channel.nio.NioEventLoop.processSelectedKey(NioEventLoop.java:707) [netty-transport-4.1.59.Final.jar:4.1.59.Final]
	at io.netty.channel.nio.NioEventLoop.processSelectedKeysOptimized(NioEventLoop.java:655) [netty-transport-4.1.59.Final.jar:4.1.59.Final]
	at io.netty.channel.nio.NioEventLoop.processSelectedKeys(NioEventLoop.java:581) [netty-transport-4.1.59.Final.jar:4.1.59.Final]
	at io.netty.channel.nio.NioEventLoop.run(NioEventLoop.java:493) [netty-transport-4.1.59.Final.jar:4.1.59.Final]
	at io.netty.util.concurrent.SingleThreadEventExecutor$4.run(SingleThreadEventExecutor.java:989) [netty-common-4.1.59.Final.jar:4.1.59.Final]
	at io.netty.util.internal.ThreadExecutorMap$2.run(ThreadExecutorMap.java:74) [netty-common-4.1.59.Final.jar:4.1.59.Final]
	at io.netty.util.concurrent.FastThreadLocalRunnable.run(FastThreadLocalRunnable.java:30) [netty-common-4.1.59.Final.jar:4.1.59.Final]
	at java.lang.Thread.run(Thread.java:748) [?:1.8.0_231]

[2021-03-08 14:23:11] WARN  io.netty.util.internal.logging.AbstractInternalLogger 105 log - Cannot reconnect to [192.168.43.144:6379]: No route to host: no further information: /192.168.43.144:6379 io.netty.channel.AbstractChannel$AnnotatedNoRouteToHostException: No route to host: no further information: /192.168.43.144:6379
Caused by: java.net.NoRouteToHostException: No route to host: no further information
	at sun.nio.ch.SocketChannelImpl.checkConnect(Native Method) ~[?:1.8.0_231]
	at sun.nio.ch.SocketChannelImpl.finishConnect(SocketChannelImpl.java:717) ~[?:1.8.0_231]
	at io.netty.channel.socket.nio.NioSocketChannel.doFinishConnect(NioSocketChannel.java:330) ~[netty-transport-4.1.59.Final.jar:4.1.59.Final]
	at io.netty.channel.nio.AbstractNioChannel$AbstractNioUnsafe.finishConnect(AbstractNioChannel.java:334) [netty-transport-4.1.59.Final.jar:4.1.59.Final]
	at io.netty.channel.nio.NioEventLoop.processSelectedKey(NioEventLoop.java:707) [netty-transport-4.1.59.Final.jar:4.1.59.Final]
	at io.netty.channel.nio.NioEventLoop.processSelectedKeysOptimized(NioEventLoop.java:655) [netty-transport-4.1.59.Final.jar:4.1.59.Final]
	at io.netty.channel.nio.NioEventLoop.processSelectedKeys(NioEventLoop.java:581) [netty-transport-4.1.59.Final.jar:4.1.59.Final]
	at io.netty.channel.nio.NioEventLoop.run(NioEventLoop.java:493) [netty-transport-4.1.59.Final.jar:4.1.59.Final]
	at io.netty.util.concurrent.SingleThreadEventExecutor$4.run(SingleThreadEventExecutor.java:989) [netty-common-4.1.59.Final.jar:4.1.59.Final]
	at io.netty.util.internal.ThreadExecutorMap$2.run(ThreadExecutorMap.java:74) [netty-common-4.1.59.Final.jar:4.1.59.Final]
	at io.netty.util.concurrent.FastThreadLocalRunnable.run(FastThreadLocalRunnable.java:30) [netty-common-4.1.59.Final.jar:4.1.59.Final]
	at java.lang.Thread.run(Thread.java:748) [?:1.8.0_231]

[2021-03-08 14:23:41] WARN  io.netty.util.internal.logging.AbstractInternalLogger 105 log - Cannot reconnect to [192.168.43.144:6379]: No route to host: no further information: /192.168.43.144:6379 io.netty.channel.AbstractChannel$AnnotatedNoRouteToHostException: No route to host: no further information: /192.168.43.144:6379
Caused by: java.net.NoRouteToHostException: No route to host: no further information
	at sun.nio.ch.SocketChannelImpl.checkConnect(Native Method) ~[?:1.8.0_231]
	at sun.nio.ch.SocketChannelImpl.finishConnect(SocketChannelImpl.java:717) ~[?:1.8.0_231]
	at io.netty.channel.socket.nio.NioSocketChannel.doFinishConnect(NioSocketChannel.java:330) ~[netty-transport-4.1.59.Final.jar:4.1.59.Final]
	at io.netty.channel.nio.AbstractNioChannel$AbstractNioUnsafe.finishConnect(AbstractNioChannel.java:334) [netty-transport-4.1.59.Final.jar:4.1.59.Final]
	at io.netty.channel.nio.NioEventLoop.processSelectedKey(NioEventLoop.java:707) [netty-transport-4.1.59.Final.jar:4.1.59.Final]
	at io.netty.channel.nio.NioEventLoop.processSelectedKeysOptimized(NioEventLoop.java:655) [netty-transport-4.1.59.Final.jar:4.1.59.Final]
	at io.netty.channel.nio.NioEventLoop.processSelectedKeys(NioEventLoop.java:581) [netty-transport-4.1.59.Final.jar:4.1.59.Final]
	at io.netty.channel.nio.NioEventLoop.run(NioEventLoop.java:493) [netty-transport-4.1.59.Final.jar:4.1.59.Final]
	at io.netty.util.concurrent.SingleThreadEventExecutor$4.run(SingleThreadEventExecutor.java:989) [netty-common-4.1.59.Final.jar:4.1.59.Final]
	at io.netty.util.internal.ThreadExecutorMap$2.run(ThreadExecutorMap.java:74) [netty-common-4.1.59.Final.jar:4.1.59.Final]
	at io.netty.util.concurrent.FastThreadLocalRunnable.run(FastThreadLocalRunnable.java:30) [netty-common-4.1.59.Final.jar:4.1.59.Final]
	at java.lang.Thread.run(Thread.java:748) [?:1.8.0_231]

[2021-03-08 14:24:11] WARN  io.netty.util.internal.logging.AbstractInternalLogger 105 log - Cannot reconnect to [192.168.43.144:6379]: No route to host: no further information: /192.168.43.144:6379 io.netty.channel.AbstractChannel$AnnotatedNoRouteToHostException: No route to host: no further information: /192.168.43.144:6379
Caused by: java.net.NoRouteToHostException: No route to host: no further information
	at sun.nio.ch.SocketChannelImpl.checkConnect(Native Method) ~[?:1.8.0_231]
	at sun.nio.ch.SocketChannelImpl.finishConnect(SocketChannelImpl.java:717) ~[?:1.8.0_231]
	at io.netty.channel.socket.nio.NioSocketChannel.doFinishConnect(NioSocketChannel.java:330) ~[netty-transport-4.1.59.Final.jar:4.1.59.Final]
	at io.netty.channel.nio.AbstractNioChannel$AbstractNioUnsafe.finishConnect(AbstractNioChannel.java:334) [netty-transport-4.1.59.Final.jar:4.1.59.Final]
	at io.netty.channel.nio.NioEventLoop.processSelectedKey(NioEventLoop.java:707) [netty-transport-4.1.59.Final.jar:4.1.59.Final]
	at io.netty.channel.nio.NioEventLoop.processSelectedKeysOptimized(NioEventLoop.java:655) [netty-transport-4.1.59.Final.jar:4.1.59.Final]
	at io.netty.channel.nio.NioEventLoop.processSelectedKeys(NioEventLoop.java:581) [netty-transport-4.1.59.Final.jar:4.1.59.Final]
	at io.netty.channel.nio.NioEventLoop.run(NioEventLoop.java:493) [netty-transport-4.1.59.Final.jar:4.1.59.Final]
	at io.netty.util.concurrent.SingleThreadEventExecutor$4.run(SingleThreadEventExecutor.java:989) [netty-common-4.1.59.Final.jar:4.1.59.Final]
	at io.netty.util.internal.ThreadExecutorMap$2.run(ThreadExecutorMap.java:74) [netty-common-4.1.59.Final.jar:4.1.59.Final]
	at io.netty.util.concurrent.FastThreadLocalRunnable.run(FastThreadLocalRunnable.java:30) [netty-common-4.1.59.Final.jar:4.1.59.Final]
	at java.lang.Thread.run(Thread.java:748) [?:1.8.0_231]

[2021-03-08 14:24:41] WARN  io.netty.util.internal.logging.AbstractInternalLogger 105 log - Cannot reconnect to [192.168.43.144:6379]: No route to host: no further information: /192.168.43.144:6379 io.netty.channel.AbstractChannel$AnnotatedNoRouteToHostException: No route to host: no further information: /192.168.43.144:6379
Caused by: java.net.NoRouteToHostException: No route to host: no further information
	at sun.nio.ch.SocketChannelImpl.checkConnect(Native Method) ~[?:1.8.0_231]
	at sun.nio.ch.SocketChannelImpl.finishConnect(SocketChannelImpl.java:717) ~[?:1.8.0_231]
	at io.netty.channel.socket.nio.NioSocketChannel.doFinishConnect(NioSocketChannel.java:330) ~[netty-transport-4.1.59.Final.jar:4.1.59.Final]
	at io.netty.channel.nio.AbstractNioChannel$AbstractNioUnsafe.finishConnect(AbstractNioChannel.java:334) [netty-transport-4.1.59.Final.jar:4.1.59.Final]
	at io.netty.channel.nio.NioEventLoop.processSelectedKey(NioEventLoop.java:707) [netty-transport-4.1.59.Final.jar:4.1.59.Final]
	at io.netty.channel.nio.NioEventLoop.processSelectedKeysOptimized(NioEventLoop.java:655) [netty-transport-4.1.59.Final.jar:4.1.59.Final]
	at io.netty.channel.nio.NioEventLoop.processSelectedKeys(NioEventLoop.java:581) [netty-transport-4.1.59.Final.jar:4.1.59.Final]
	at io.netty.channel.nio.NioEventLoop.run(NioEventLoop.java:493) [netty-transport-4.1.59.Final.jar:4.1.59.Final]
	at io.netty.util.concurrent.SingleThreadEventExecutor$4.run(SingleThreadEventExecutor.java:989) [netty-common-4.1.59.Final.jar:4.1.59.Final]
	at io.netty.util.internal.ThreadExecutorMap$2.run(ThreadExecutorMap.java:74) [netty-common-4.1.59.Final.jar:4.1.59.Final]
	at io.netty.util.concurrent.FastThreadLocalRunnable.run(FastThreadLocalRunnable.java:30) [netty-common-4.1.59.Final.jar:4.1.59.Final]
	at java.lang.Thread.run(Thread.java:748) [?:1.8.0_231]

[2021-03-08 14:25:11] WARN  io.netty.util.internal.logging.AbstractInternalLogger 105 log - Cannot reconnect to [192.168.43.144:6379]: No route to host: no further information: /192.168.43.144:6379 io.netty.channel.AbstractChannel$AnnotatedNoRouteToHostException: No route to host: no further information: /192.168.43.144:6379
Caused by: java.net.NoRouteToHostException: No route to host: no further information
	at sun.nio.ch.SocketChannelImpl.checkConnect(Native Method) ~[?:1.8.0_231]
	at sun.nio.ch.SocketChannelImpl.finishConnect(SocketChannelImpl.java:717) ~[?:1.8.0_231]
	at io.netty.channel.socket.nio.NioSocketChannel.doFinishConnect(NioSocketChannel.java:330) ~[netty-transport-4.1.59.Final.jar:4.1.59.Final]
	at io.netty.channel.nio.AbstractNioChannel$AbstractNioUnsafe.finishConnect(AbstractNioChannel.java:334) [netty-transport-4.1.59.Final.jar:4.1.59.Final]
	at io.netty.channel.nio.NioEventLoop.processSelectedKey(NioEventLoop.java:707) [netty-transport-4.1.59.Final.jar:4.1.59.Final]
	at io.netty.channel.nio.NioEventLoop.processSelectedKeysOptimized(NioEventLoop.java:655) [netty-transport-4.1.59.Final.jar:4.1.59.Final]
	at io.netty.channel.nio.NioEventLoop.processSelectedKeys(NioEventLoop.java:581) [netty-transport-4.1.59.Final.jar:4.1.59.Final]
	at io.netty.channel.nio.NioEventLoop.run(NioEventLoop.java:493) [netty-transport-4.1.59.Final.jar:4.1.59.Final]
	at io.netty.util.concurrent.SingleThreadEventExecutor$4.run(SingleThreadEventExecutor.java:989) [netty-common-4.1.59.Final.jar:4.1.59.Final]
	at io.netty.util.internal.ThreadExecutorMap$2.run(ThreadExecutorMap.java:74) [netty-common-4.1.59.Final.jar:4.1.59.Final]
	at io.netty.util.concurrent.FastThreadLocalRunnable.run(FastThreadLocalRunnable.java:30) [netty-common-4.1.59.Final.jar:4.1.59.Final]
	at java.lang.Thread.run(Thread.java:748) [?:1.8.0_231]

[2021-03-08 14:25:41] WARN  io.netty.util.internal.logging.AbstractInternalLogger 105 log - Cannot reconnect to [192.168.43.144:6379]: No route to host: no further information: /192.168.43.144:6379 io.netty.channel.AbstractChannel$AnnotatedNoRouteToHostException: No route to host: no further information: /192.168.43.144:6379
Caused by: java.net.NoRouteToHostException: No route to host: no further information
	at sun.nio.ch.SocketChannelImpl.checkConnect(Native Method) ~[?:1.8.0_231]
	at sun.nio.ch.SocketChannelImpl.finishConnect(SocketChannelImpl.java:717) ~[?:1.8.0_231]
	at io.netty.channel.socket.nio.NioSocketChannel.doFinishConnect(NioSocketChannel.java:330) ~[netty-transport-4.1.59.Final.jar:4.1.59.Final]
	at io.netty.channel.nio.AbstractNioChannel$AbstractNioUnsafe.finishConnect(AbstractNioChannel.java:334) [netty-transport-4.1.59.Final.jar:4.1.59.Final]
	at io.netty.channel.nio.NioEventLoop.processSelectedKey(NioEventLoop.java:707) [netty-transport-4.1.59.Final.jar:4.1.59.Final]
	at io.netty.channel.nio.NioEventLoop.processSelectedKeysOptimized(NioEventLoop.java:655) [netty-transport-4.1.59.Final.jar:4.1.59.Final]
	at io.netty.channel.nio.NioEventLoop.processSelectedKeys(NioEventLoop.java:581) [netty-transport-4.1.59.Final.jar:4.1.59.Final]
	at io.netty.channel.nio.NioEventLoop.run(NioEventLoop.java:493) [netty-transport-4.1.59.Final.jar:4.1.59.Final]
	at io.netty.util.concurrent.SingleThreadEventExecutor$4.run(SingleThreadEventExecutor.java:989) [netty-common-4.1.59.Final.jar:4.1.59.Final]
	at io.netty.util.internal.ThreadExecutorMap$2.run(ThreadExecutorMap.java:74) [netty-common-4.1.59.Final.jar:4.1.59.Final]
	at io.netty.util.concurrent.FastThreadLocalRunnable.run(FastThreadLocalRunnable.java:30) [netty-common-4.1.59.Final.jar:4.1.59.Final]
	at java.lang.Thread.run(Thread.java:748) [?:1.8.0_231]

[2021-03-08 14:26:11] WARN  io.netty.util.internal.logging.AbstractInternalLogger 105 log - Cannot reconnect to [192.168.43.144:6379]: No route to host: no further information: /192.168.43.144:6379 io.netty.channel.AbstractChannel$AnnotatedNoRouteToHostException: No route to host: no further information: /192.168.43.144:6379
Caused by: java.net.NoRouteToHostException: No route to host: no further information
	at sun.nio.ch.SocketChannelImpl.checkConnect(Native Method) ~[?:1.8.0_231]
	at sun.nio.ch.SocketChannelImpl.finishConnect(SocketChannelImpl.java:717) ~[?:1.8.0_231]
	at io.netty.channel.socket.nio.NioSocketChannel.doFinishConnect(NioSocketChannel.java:330) ~[netty-transport-4.1.59.Final.jar:4.1.59.Final]
	at io.netty.channel.nio.AbstractNioChannel$AbstractNioUnsafe.finishConnect(AbstractNioChannel.java:334) [netty-transport-4.1.59.Final.jar:4.1.59.Final]
	at io.netty.channel.nio.NioEventLoop.processSelectedKey(NioEventLoop.java:707) [netty-transport-4.1.59.Final.jar:4.1.59.Final]
	at io.netty.channel.nio.NioEventLoop.processSelectedKeysOptimized(NioEventLoop.java:655) [netty-transport-4.1.59.Final.jar:4.1.59.Final]
	at io.netty.channel.nio.NioEventLoop.processSelectedKeys(NioEventLoop.java:581) [netty-transport-4.1.59.Final.jar:4.1.59.Final]
	at io.netty.channel.nio.NioEventLoop.run(NioEventLoop.java:493) [netty-transport-4.1.59.Final.jar:4.1.59.Final]
	at io.netty.util.concurrent.SingleThreadEventExecutor$4.run(SingleThreadEventExecutor.java:989) [netty-common-4.1.59.Final.jar:4.1.59.Final]
	at io.netty.util.internal.ThreadExecutorMap$2.run(ThreadExecutorMap.java:74) [netty-common-4.1.59.Final.jar:4.1.59.Final]
	at io.netty.util.concurrent.FastThreadLocalRunnable.run(FastThreadLocalRunnable.java:30) [netty-common-4.1.59.Final.jar:4.1.59.Final]
	at java.lang.Thread.run(Thread.java:748) [?:1.8.0_231]

[2021-03-08 14:26:41] WARN  io.netty.util.internal.logging.AbstractInternalLogger 105 log - Cannot reconnect to [192.168.43.144:6379]: No route to host: no further information: /192.168.43.144:6379 io.netty.channel.AbstractChannel$AnnotatedNoRouteToHostException: No route to host: no further information: /192.168.43.144:6379
Caused by: java.net.NoRouteToHostException: No route to host: no further information
	at sun.nio.ch.SocketChannelImpl.checkConnect(Native Method) ~[?:1.8.0_231]
	at sun.nio.ch.SocketChannelImpl.finishConnect(SocketChannelImpl.java:717) ~[?:1.8.0_231]
	at io.netty.channel.socket.nio.NioSocketChannel.doFinishConnect(NioSocketChannel.java:330) ~[netty-transport-4.1.59.Final.jar:4.1.59.Final]
	at io.netty.channel.nio.AbstractNioChannel$AbstractNioUnsafe.finishConnect(AbstractNioChannel.java:334) [netty-transport-4.1.59.Final.jar:4.1.59.Final]
	at io.netty.channel.nio.NioEventLoop.processSelectedKey(NioEventLoop.java:707) [netty-transport-4.1.59.Final.jar:4.1.59.Final]
	at io.netty.channel.nio.NioEventLoop.processSelectedKeysOptimized(NioEventLoop.java:655) [netty-transport-4.1.59.Final.jar:4.1.59.Final]
	at io.netty.channel.nio.NioEventLoop.processSelectedKeys(NioEventLoop.java:581) [netty-transport-4.1.59.Final.jar:4.1.59.Final]
	at io.netty.channel.nio.NioEventLoop.run(NioEventLoop.java:493) [netty-transport-4.1.59.Final.jar:4.1.59.Final]
	at io.netty.util.concurrent.SingleThreadEventExecutor$4.run(SingleThreadEventExecutor.java:989) [netty-common-4.1.59.Final.jar:4.1.59.Final]
	at io.netty.util.internal.ThreadExecutorMap$2.run(ThreadExecutorMap.java:74) [netty-common-4.1.59.Final.jar:4.1.59.Final]
	at io.netty.util.concurrent.FastThreadLocalRunnable.run(FastThreadLocalRunnable.java:30) [netty-common-4.1.59.Final.jar:4.1.59.Final]
	at java.lang.Thread.run(Thread.java:748) [?:1.8.0_231]

[2021-03-08 14:27:12] WARN  io.netty.util.internal.logging.AbstractInternalLogger 105 log - Cannot reconnect to [192.168.43.144:6379]: No route to host: no further information: /192.168.43.144:6379 io.netty.channel.AbstractChannel$AnnotatedNoRouteToHostException: No route to host: no further information: /192.168.43.144:6379
Caused by: java.net.NoRouteToHostException: No route to host: no further information
	at sun.nio.ch.SocketChannelImpl.checkConnect(Native Method) ~[?:1.8.0_231]
	at sun.nio.ch.SocketChannelImpl.finishConnect(SocketChannelImpl.java:717) ~[?:1.8.0_231]
	at io.netty.channel.socket.nio.NioSocketChannel.doFinishConnect(NioSocketChannel.java:330) ~[netty-transport-4.1.59.Final.jar:4.1.59.Final]
	at io.netty.channel.nio.AbstractNioChannel$AbstractNioUnsafe.finishConnect(AbstractNioChannel.java:334) [netty-transport-4.1.59.Final.jar:4.1.59.Final]
	at io.netty.channel.nio.NioEventLoop.processSelectedKey(NioEventLoop.java:707) [netty-transport-4.1.59.Final.jar:4.1.59.Final]
	at io.netty.channel.nio.NioEventLoop.processSelectedKeysOptimized(NioEventLoop.java:655) [netty-transport-4.1.59.Final.jar:4.1.59.Final]
	at io.netty.channel.nio.NioEventLoop.processSelectedKeys(NioEventLoop.java:581) [netty-transport-4.1.59.Final.jar:4.1.59.Final]
	at io.netty.channel.nio.NioEventLoop.run(NioEventLoop.java:493) [netty-transport-4.1.59.Final.jar:4.1.59.Final]
	at io.netty.util.concurrent.SingleThreadEventExecutor$4.run(SingleThreadEventExecutor.java:989) [netty-common-4.1.59.Final.jar:4.1.59.Final]
	at io.netty.util.internal.ThreadExecutorMap$2.run(ThreadExecutorMap.java:74) [netty-common-4.1.59.Final.jar:4.1.59.Final]
	at io.netty.util.concurrent.FastThreadLocalRunnable.run(FastThreadLocalRunnable.java:30) [netty-common-4.1.59.Final.jar:4.1.59.Final]
	at java.lang.Thread.run(Thread.java:748) [?:1.8.0_231]

[2021-03-08 14:27:42] WARN  io.netty.util.internal.logging.AbstractInternalLogger 105 log - Cannot reconnect to [192.168.43.144:6379]: No route to host: no further information: /192.168.43.144:6379 io.netty.channel.AbstractChannel$AnnotatedNoRouteToHostException: No route to host: no further information: /192.168.43.144:6379
Caused by: java.net.NoRouteToHostException: No route to host: no further information
	at sun.nio.ch.SocketChannelImpl.checkConnect(Native Method) ~[?:1.8.0_231]
	at sun.nio.ch.SocketChannelImpl.finishConnect(SocketChannelImpl.java:717) ~[?:1.8.0_231]
	at io.netty.channel.socket.nio.NioSocketChannel.doFinishConnect(NioSocketChannel.java:330) ~[netty-transport-4.1.59.Final.jar:4.1.59.Final]
	at io.netty.channel.nio.AbstractNioChannel$AbstractNioUnsafe.finishConnect(AbstractNioChannel.java:334) [netty-transport-4.1.59.Final.jar:4.1.59.Final]
	at io.netty.channel.nio.NioEventLoop.processSelectedKey(NioEventLoop.java:707) [netty-transport-4.1.59.Final.jar:4.1.59.Final]
	at io.netty.channel.nio.NioEventLoop.processSelectedKeysOptimized(NioEventLoop.java:655) [netty-transport-4.1.59.Final.jar:4.1.59.Final]
	at io.netty.channel.nio.NioEventLoop.processSelectedKeys(NioEventLoop.java:581) [netty-transport-4.1.59.Final.jar:4.1.59.Final]
	at io.netty.channel.nio.NioEventLoop.run(NioEventLoop.java:493) [netty-transport-4.1.59.Final.jar:4.1.59.Final]
	at io.netty.util.concurrent.SingleThreadEventExecutor$4.run(SingleThreadEventExecutor.java:989) [netty-common-4.1.59.Final.jar:4.1.59.Final]
	at io.netty.util.internal.ThreadExecutorMap$2.run(ThreadExecutorMap.java:74) [netty-common-4.1.59.Final.jar:4.1.59.Final]
	at io.netty.util.concurrent.FastThreadLocalRunnable.run(FastThreadLocalRunnable.java:30) [netty-common-4.1.59.Final.jar:4.1.59.Final]
	at java.lang.Thread.run(Thread.java:748) [?:1.8.0_231]

[2021-03-08 14:28:12] WARN  io.netty.util.internal.logging.AbstractInternalLogger 105 log - Cannot reconnect to [192.168.43.144:6379]: No route to host: no further information: /192.168.43.144:6379 io.netty.channel.AbstractChannel$AnnotatedNoRouteToHostException: No route to host: no further information: /192.168.43.144:6379
Caused by: java.net.NoRouteToHostException: No route to host: no further information
	at sun.nio.ch.SocketChannelImpl.checkConnect(Native Method) ~[?:1.8.0_231]
	at sun.nio.ch.SocketChannelImpl.finishConnect(SocketChannelImpl.java:717) ~[?:1.8.0_231]
	at io.netty.channel.socket.nio.NioSocketChannel.doFinishConnect(NioSocketChannel.java:330) ~[netty-transport-4.1.59.Final.jar:4.1.59.Final]
	at io.netty.channel.nio.AbstractNioChannel$AbstractNioUnsafe.finishConnect(AbstractNioChannel.java:334) [netty-transport-4.1.59.Final.jar:4.1.59.Final]
	at io.netty.channel.nio.NioEventLoop.processSelectedKey(NioEventLoop.java:707) [netty-transport-4.1.59.Final.jar:4.1.59.Final]
	at io.netty.channel.nio.NioEventLoop.processSelectedKeysOptimized(NioEventLoop.java:655) [netty-transport-4.1.59.Final.jar:4.1.59.Final]
	at io.netty.channel.nio.NioEventLoop.processSelectedKeys(NioEventLoop.java:581) [netty-transport-4.1.59.Final.jar:4.1.59.Final]
	at io.netty.channel.nio.NioEventLoop.run(NioEventLoop.java:493) [netty-transport-4.1.59.Final.jar:4.1.59.Final]
	at io.netty.util.concurrent.SingleThreadEventExecutor$4.run(SingleThreadEventExecutor.java:989) [netty-common-4.1.59.Final.jar:4.1.59.Final]
	at io.netty.util.internal.ThreadExecutorMap$2.run(ThreadExecutorMap.java:74) [netty-common-4.1.59.Final.jar:4.1.59.Final]
	at io.netty.util.concurrent.FastThreadLocalRunnable.run(FastThreadLocalRunnable.java:30) [netty-common-4.1.59.Final.jar:4.1.59.Final]
	at java.lang.Thread.run(Thread.java:748) [?:1.8.0_231]

[2021-03-08 14:28:42] WARN  io.netty.util.internal.logging.AbstractInternalLogger 105 log - Cannot reconnect to [192.168.43.144:6379]: No route to host: no further information: /192.168.43.144:6379 io.netty.channel.AbstractChannel$AnnotatedNoRouteToHostException: No route to host: no further information: /192.168.43.144:6379
Caused by: java.net.NoRouteToHostException: No route to host: no further information
	at sun.nio.ch.SocketChannelImpl.checkConnect(Native Method) ~[?:1.8.0_231]
	at sun.nio.ch.SocketChannelImpl.finishConnect(SocketChannelImpl.java:717) ~[?:1.8.0_231]
	at io.netty.channel.socket.nio.NioSocketChannel.doFinishConnect(NioSocketChannel.java:330) ~[netty-transport-4.1.59.Final.jar:4.1.59.Final]
	at io.netty.channel.nio.AbstractNioChannel$AbstractNioUnsafe.finishConnect(AbstractNioChannel.java:334) [netty-transport-4.1.59.Final.jar:4.1.59.Final]
	at io.netty.channel.nio.NioEventLoop.processSelectedKey(NioEventLoop.java:707) [netty-transport-4.1.59.Final.jar:4.1.59.Final]
	at io.netty.channel.nio.NioEventLoop.processSelectedKeysOptimized(NioEventLoop.java:655) [netty-transport-4.1.59.Final.jar:4.1.59.Final]
	at io.netty.channel.nio.NioEventLoop.processSelectedKeys(NioEventLoop.java:581) [netty-transport-4.1.59.Final.jar:4.1.59.Final]
	at io.netty.channel.nio.NioEventLoop.run(NioEventLoop.java:493) [netty-transport-4.1.59.Final.jar:4.1.59.Final]
	at io.netty.util.concurrent.SingleThreadEventExecutor$4.run(SingleThreadEventExecutor.java:989) [netty-common-4.1.59.Final.jar:4.1.59.Final]
	at io.netty.util.internal.ThreadExecutorMap$2.run(ThreadExecutorMap.java:74) [netty-common-4.1.59.Final.jar:4.1.59.Final]
	at io.netty.util.concurrent.FastThreadLocalRunnable.run(FastThreadLocalRunnable.java:30) [netty-common-4.1.59.Final.jar:4.1.59.Final]
	at java.lang.Thread.run(Thread.java:748) [?:1.8.0_231]

[2021-03-08 14:29:12] WARN  io.netty.util.internal.logging.AbstractInternalLogger 105 log - Cannot reconnect to [192.168.43.144:6379]: No route to host: no further information: /192.168.43.144:6379 io.netty.channel.AbstractChannel$AnnotatedNoRouteToHostException: No route to host: no further information: /192.168.43.144:6379
Caused by: java.net.NoRouteToHostException: No route to host: no further information
	at sun.nio.ch.SocketChannelImpl.checkConnect(Native Method) ~[?:1.8.0_231]
	at sun.nio.ch.SocketChannelImpl.finishConnect(SocketChannelImpl.java:717) ~[?:1.8.0_231]
	at io.netty.channel.socket.nio.NioSocketChannel.doFinishConnect(NioSocketChannel.java:330) ~[netty-transport-4.1.59.Final.jar:4.1.59.Final]
	at io.netty.channel.nio.AbstractNioChannel$AbstractNioUnsafe.finishConnect(AbstractNioChannel.java:334) [netty-transport-4.1.59.Final.jar:4.1.59.Final]
	at io.netty.channel.nio.NioEventLoop.processSelectedKey(NioEventLoop.java:707) [netty-transport-4.1.59.Final.jar:4.1.59.Final]
	at io.netty.channel.nio.NioEventLoop.processSelectedKeysOptimized(NioEventLoop.java:655) [netty-transport-4.1.59.Final.jar:4.1.59.Final]
	at io.netty.channel.nio.NioEventLoop.processSelectedKeys(NioEventLoop.java:581) [netty-transport-4.1.59.Final.jar:4.1.59.Final]
	at io.netty.channel.nio.NioEventLoop.run(NioEventLoop.java:493) [netty-transport-4.1.59.Final.jar:4.1.59.Final]
	at io.netty.util.concurrent.SingleThreadEventExecutor$4.run(SingleThreadEventExecutor.java:989) [netty-common-4.1.59.Final.jar:4.1.59.Final]
	at io.netty.util.internal.ThreadExecutorMap$2.run(ThreadExecutorMap.java:74) [netty-common-4.1.59.Final.jar:4.1.59.Final]
	at io.netty.util.concurrent.FastThreadLocalRunnable.run(FastThreadLocalRunnable.java:30) [netty-common-4.1.59.Final.jar:4.1.59.Final]
	at java.lang.Thread.run(Thread.java:748) [?:1.8.0_231]

[2021-03-08 14:29:42] WARN  io.netty.util.internal.logging.AbstractInternalLogger 105 log - Cannot reconnect to [192.168.43.144:6379]: No route to host: no further information: /192.168.43.144:6379 io.netty.channel.AbstractChannel$AnnotatedNoRouteToHostException: No route to host: no further information: /192.168.43.144:6379
Caused by: java.net.NoRouteToHostException: No route to host: no further information
	at sun.nio.ch.SocketChannelImpl.checkConnect(Native Method) ~[?:1.8.0_231]
	at sun.nio.ch.SocketChannelImpl.finishConnect(SocketChannelImpl.java:717) ~[?:1.8.0_231]
	at io.netty.channel.socket.nio.NioSocketChannel.doFinishConnect(NioSocketChannel.java:330) ~[netty-transport-4.1.59.Final.jar:4.1.59.Final]
	at io.netty.channel.nio.AbstractNioChannel$AbstractNioUnsafe.finishConnect(AbstractNioChannel.java:334) [netty-transport-4.1.59.Final.jar:4.1.59.Final]
	at io.netty.channel.nio.NioEventLoop.processSelectedKey(NioEventLoop.java:707) [netty-transport-4.1.59.Final.jar:4.1.59.Final]
	at io.netty.channel.nio.NioEventLoop.processSelectedKeysOptimized(NioEventLoop.java:655) [netty-transport-4.1.59.Final.jar:4.1.59.Final]
	at io.netty.channel.nio.NioEventLoop.processSelectedKeys(NioEventLoop.java:581) [netty-transport-4.1.59.Final.jar:4.1.59.Final]
	at io.netty.channel.nio.NioEventLoop.run(NioEventLoop.java:493) [netty-transport-4.1.59.Final.jar:4.1.59.Final]
	at io.netty.util.concurrent.SingleThreadEventExecutor$4.run(SingleThreadEventExecutor.java:989) [netty-common-4.1.59.Final.jar:4.1.59.Final]
	at io.netty.util.internal.ThreadExecutorMap$2.run(ThreadExecutorMap.java:74) [netty-common-4.1.59.Final.jar:4.1.59.Final]
	at io.netty.util.concurrent.FastThreadLocalRunnable.run(FastThreadLocalRunnable.java:30) [netty-common-4.1.59.Final.jar:4.1.59.Final]
	at java.lang.Thread.run(Thread.java:748) [?:1.8.0_231]

[2021-03-08 14:30:12] WARN  io.netty.util.internal.logging.AbstractInternalLogger 105 log - Cannot reconnect to [192.168.43.144:6379]: No route to host: no further information: /192.168.43.144:6379 io.netty.channel.AbstractChannel$AnnotatedNoRouteToHostException: No route to host: no further information: /192.168.43.144:6379
Caused by: java.net.NoRouteToHostException: No route to host: no further information
	at sun.nio.ch.SocketChannelImpl.checkConnect(Native Method) ~[?:1.8.0_231]
	at sun.nio.ch.SocketChannelImpl.finishConnect(SocketChannelImpl.java:717) ~[?:1.8.0_231]
	at io.netty.channel.socket.nio.NioSocketChannel.doFinishConnect(NioSocketChannel.java:330) ~[netty-transport-4.1.59.Final.jar:4.1.59.Final]
	at io.netty.channel.nio.AbstractNioChannel$AbstractNioUnsafe.finishConnect(AbstractNioChannel.java:334) [netty-transport-4.1.59.Final.jar:4.1.59.Final]
	at io.netty.channel.nio.NioEventLoop.processSelectedKey(NioEventLoop.java:707) [netty-transport-4.1.59.Final.jar:4.1.59.Final]
	at io.netty.channel.nio.NioEventLoop.processSelectedKeysOptimized(NioEventLoop.java:655) [netty-transport-4.1.59.Final.jar:4.1.59.Final]
	at io.netty.channel.nio.NioEventLoop.processSelectedKeys(NioEventLoop.java:581) [netty-transport-4.1.59.Final.jar:4.1.59.Final]
	at io.netty.channel.nio.NioEventLoop.run(NioEventLoop.java:493) [netty-transport-4.1.59.Final.jar:4.1.59.Final]
	at io.netty.util.concurrent.SingleThreadEventExecutor$4.run(SingleThreadEventExecutor.java:989) [netty-common-4.1.59.Final.jar:4.1.59.Final]
	at io.netty.util.internal.ThreadExecutorMap$2.run(ThreadExecutorMap.java:74) [netty-common-4.1.59.Final.jar:4.1.59.Final]
	at io.netty.util.concurrent.FastThreadLocalRunnable.run(FastThreadLocalRunnable.java:30) [netty-common-4.1.59.Final.jar:4.1.59.Final]
	at java.lang.Thread.run(Thread.java:748) [?:1.8.0_231]

[2021-03-08 14:30:42] WARN  io.netty.util.internal.logging.AbstractInternalLogger 105 log - Cannot reconnect to [192.168.43.144:6379]: No route to host: no further information: /192.168.43.144:6379 io.netty.channel.AbstractChannel$AnnotatedNoRouteToHostException: No route to host: no further information: /192.168.43.144:6379
Caused by: java.net.NoRouteToHostException: No route to host: no further information
	at sun.nio.ch.SocketChannelImpl.checkConnect(Native Method) ~[?:1.8.0_231]
	at sun.nio.ch.SocketChannelImpl.finishConnect(SocketChannelImpl.java:717) ~[?:1.8.0_231]
	at io.netty.channel.socket.nio.NioSocketChannel.doFinishConnect(NioSocketChannel.java:330) ~[netty-transport-4.1.59.Final.jar:4.1.59.Final]
	at io.netty.channel.nio.AbstractNioChannel$AbstractNioUnsafe.finishConnect(AbstractNioChannel.java:334) [netty-transport-4.1.59.Final.jar:4.1.59.Final]
	at io.netty.channel.nio.NioEventLoop.processSelectedKey(NioEventLoop.java:707) [netty-transport-4.1.59.Final.jar:4.1.59.Final]
	at io.netty.channel.nio.NioEventLoop.processSelectedKeysOptimized(NioEventLoop.java:655) [netty-transport-4.1.59.Final.jar:4.1.59.Final]
	at io.netty.channel.nio.NioEventLoop.processSelectedKeys(NioEventLoop.java:581) [netty-transport-4.1.59.Final.jar:4.1.59.Final]
	at io.netty.channel.nio.NioEventLoop.run(NioEventLoop.java:493) [netty-transport-4.1.59.Final.jar:4.1.59.Final]
	at io.netty.util.concurrent.SingleThreadEventExecutor$4.run(SingleThreadEventExecutor.java:989) [netty-common-4.1.59.Final.jar:4.1.59.Final]
	at io.netty.util.internal.ThreadExecutorMap$2.run(ThreadExecutorMap.java:74) [netty-common-4.1.59.Final.jar:4.1.59.Final]
	at io.netty.util.concurrent.FastThreadLocalRunnable.run(FastThreadLocalRunnable.java:30) [netty-common-4.1.59.Final.jar:4.1.59.Final]
	at java.lang.Thread.run(Thread.java:748) [?:1.8.0_231]

[2021-03-08 14:31:12] WARN  io.netty.util.internal.logging.AbstractInternalLogger 105 log - Cannot reconnect to [192.168.43.144:6379]: No route to host: no further information: /192.168.43.144:6379 io.netty.channel.AbstractChannel$AnnotatedNoRouteToHostException: No route to host: no further information: /192.168.43.144:6379
Caused by: java.net.NoRouteToHostException: No route to host: no further information
	at sun.nio.ch.SocketChannelImpl.checkConnect(Native Method) ~[?:1.8.0_231]
	at sun.nio.ch.SocketChannelImpl.finishConnect(SocketChannelImpl.java:717) ~[?:1.8.0_231]
	at io.netty.channel.socket.nio.NioSocketChannel.doFinishConnect(NioSocketChannel.java:330) ~[netty-transport-4.1.59.Final.jar:4.1.59.Final]
	at io.netty.channel.nio.AbstractNioChannel$AbstractNioUnsafe.finishConnect(AbstractNioChannel.java:334) [netty-transport-4.1.59.Final.jar:4.1.59.Final]
	at io.netty.channel.nio.NioEventLoop.processSelectedKey(NioEventLoop.java:707) [netty-transport-4.1.59.Final.jar:4.1.59.Final]
	at io.netty.channel.nio.NioEventLoop.processSelectedKeysOptimized(NioEventLoop.java:655) [netty-transport-4.1.59.Final.jar:4.1.59.Final]
	at io.netty.channel.nio.NioEventLoop.processSelectedKeys(NioEventLoop.java:581) [netty-transport-4.1.59.Final.jar:4.1.59.Final]
	at io.netty.channel.nio.NioEventLoop.run(NioEventLoop.java:493) [netty-transport-4.1.59.Final.jar:4.1.59.Final]
	at io.netty.util.concurrent.SingleThreadEventExecutor$4.run(SingleThreadEventExecutor.java:989) [netty-common-4.1.59.Final.jar:4.1.59.Final]
	at io.netty.util.internal.ThreadExecutorMap$2.run(ThreadExecutorMap.java:74) [netty-common-4.1.59.Final.jar:4.1.59.Final]
	at io.netty.util.concurrent.FastThreadLocalRunnable.run(FastThreadLocalRunnable.java:30) [netty-common-4.1.59.Final.jar:4.1.59.Final]
	at java.lang.Thread.run(Thread.java:748) [?:1.8.0_231]

[2021-03-08 14:31:42] WARN  io.netty.util.internal.logging.AbstractInternalLogger 105 log - Cannot reconnect to [192.168.43.144:6379]: No route to host: no further information: /192.168.43.144:6379 io.netty.channel.AbstractChannel$AnnotatedNoRouteToHostException: No route to host: no further information: /192.168.43.144:6379
Caused by: java.net.NoRouteToHostException: No route to host: no further information
	at sun.nio.ch.SocketChannelImpl.checkConnect(Native Method) ~[?:1.8.0_231]
	at sun.nio.ch.SocketChannelImpl.finishConnect(SocketChannelImpl.java:717) ~[?:1.8.0_231]
	at io.netty.channel.socket.nio.NioSocketChannel.doFinishConnect(NioSocketChannel.java:330) ~[netty-transport-4.1.59.Final.jar:4.1.59.Final]
	at io.netty.channel.nio.AbstractNioChannel$AbstractNioUnsafe.finishConnect(AbstractNioChannel.java:334) [netty-transport-4.1.59.Final.jar:4.1.59.Final]
	at io.netty.channel.nio.NioEventLoop.processSelectedKey(NioEventLoop.java:707) [netty-transport-4.1.59.Final.jar:4.1.59.Final]
	at io.netty.channel.nio.NioEventLoop.processSelectedKeysOptimized(NioEventLoop.java:655) [netty-transport-4.1.59.Final.jar:4.1.59.Final]
	at io.netty.channel.nio.NioEventLoop.processSelectedKeys(NioEventLoop.java:581) [netty-transport-4.1.59.Final.jar:4.1.59.Final]
	at io.netty.channel.nio.NioEventLoop.run(NioEventLoop.java:493) [netty-transport-4.1.59.Final.jar:4.1.59.Final]
	at io.netty.util.concurrent.SingleThreadEventExecutor$4.run(SingleThreadEventExecutor.java:989) [netty-common-4.1.59.Final.jar:4.1.59.Final]
	at io.netty.util.internal.ThreadExecutorMap$2.run(ThreadExecutorMap.java:74) [netty-common-4.1.59.Final.jar:4.1.59.Final]
	at io.netty.util.concurrent.FastThreadLocalRunnable.run(FastThreadLocalRunnable.java:30) [netty-common-4.1.59.Final.jar:4.1.59.Final]
	at java.lang.Thread.run(Thread.java:748) [?:1.8.0_231]

[2021-03-08 14:32:13] WARN  io.netty.util.internal.logging.AbstractInternalLogger 105 log - Cannot reconnect to [192.168.43.144:6379]: No route to host: no further information: /192.168.43.144:6379 io.netty.channel.AbstractChannel$AnnotatedNoRouteToHostException: No route to host: no further information: /192.168.43.144:6379
Caused by: java.net.NoRouteToHostException: No route to host: no further information
	at sun.nio.ch.SocketChannelImpl.checkConnect(Native Method) ~[?:1.8.0_231]
	at sun.nio.ch.SocketChannelImpl.finishConnect(SocketChannelImpl.java:717) ~[?:1.8.0_231]
	at io.netty.channel.socket.nio.NioSocketChannel.doFinishConnect(NioSocketChannel.java:330) ~[netty-transport-4.1.59.Final.jar:4.1.59.Final]
	at io.netty.channel.nio.AbstractNioChannel$AbstractNioUnsafe.finishConnect(AbstractNioChannel.java:334) [netty-transport-4.1.59.Final.jar:4.1.59.Final]
	at io.netty.channel.nio.NioEventLoop.processSelectedKey(NioEventLoop.java:707) [netty-transport-4.1.59.Final.jar:4.1.59.Final]
	at io.netty.channel.nio.NioEventLoop.processSelectedKeysOptimized(NioEventLoop.java:655) [netty-transport-4.1.59.Final.jar:4.1.59.Final]
	at io.netty.channel.nio.NioEventLoop.processSelectedKeys(NioEventLoop.java:581) [netty-transport-4.1.59.Final.jar:4.1.59.Final]
	at io.netty.channel.nio.NioEventLoop.run(NioEventLoop.java:493) [netty-transport-4.1.59.Final.jar:4.1.59.Final]
	at io.netty.util.concurrent.SingleThreadEventExecutor$4.run(SingleThreadEventExecutor.java:989) [netty-common-4.1.59.Final.jar:4.1.59.Final]
	at io.netty.util.internal.ThreadExecutorMap$2.run(ThreadExecutorMap.java:74) [netty-common-4.1.59.Final.jar:4.1.59.Final]
	at io.netty.util.concurrent.FastThreadLocalRunnable.run(FastThreadLocalRunnable.java:30) [netty-common-4.1.59.Final.jar:4.1.59.Final]
	at java.lang.Thread.run(Thread.java:748) [?:1.8.0_231]

[2021-03-08 14:32:43] WARN  io.netty.util.internal.logging.AbstractInternalLogger 105 log - Cannot reconnect to [192.168.43.144:6379]: No route to host: no further information: /192.168.43.144:6379 io.netty.channel.AbstractChannel$AnnotatedNoRouteToHostException: No route to host: no further information: /192.168.43.144:6379
Caused by: java.net.NoRouteToHostException: No route to host: no further information
	at sun.nio.ch.SocketChannelImpl.checkConnect(Native Method) ~[?:1.8.0_231]
	at sun.nio.ch.SocketChannelImpl.finishConnect(SocketChannelImpl.java:717) ~[?:1.8.0_231]
	at io.netty.channel.socket.nio.NioSocketChannel.doFinishConnect(NioSocketChannel.java:330) ~[netty-transport-4.1.59.Final.jar:4.1.59.Final]
	at io.netty.channel.nio.AbstractNioChannel$AbstractNioUnsafe.finishConnect(AbstractNioChannel.java:334) [netty-transport-4.1.59.Final.jar:4.1.59.Final]
	at io.netty.channel.nio.NioEventLoop.processSelectedKey(NioEventLoop.java:707) [netty-transport-4.1.59.Final.jar:4.1.59.Final]
	at io.netty.channel.nio.NioEventLoop.processSelectedKeysOptimized(NioEventLoop.java:655) [netty-transport-4.1.59.Final.jar:4.1.59.Final]
	at io.netty.channel.nio.NioEventLoop.processSelectedKeys(NioEventLoop.java:581) [netty-transport-4.1.59.Final.jar:4.1.59.Final]
	at io.netty.channel.nio.NioEventLoop.run(NioEventLoop.java:493) [netty-transport-4.1.59.Final.jar:4.1.59.Final]
	at io.netty.util.concurrent.SingleThreadEventExecutor$4.run(SingleThreadEventExecutor.java:989) [netty-common-4.1.59.Final.jar:4.1.59.Final]
	at io.netty.util.internal.ThreadExecutorMap$2.run(ThreadExecutorMap.java:74) [netty-common-4.1.59.Final.jar:4.1.59.Final]
	at io.netty.util.concurrent.FastThreadLocalRunnable.run(FastThreadLocalRunnable.java:30) [netty-common-4.1.59.Final.jar:4.1.59.Final]
	at java.lang.Thread.run(Thread.java:748) [?:1.8.0_231]

[2021-03-08 14:33:13] WARN  io.netty.util.internal.logging.AbstractInternalLogger 105 log - Cannot reconnect to [192.168.43.144:6379]: No route to host: no further information: /192.168.43.144:6379 io.netty.channel.AbstractChannel$AnnotatedNoRouteToHostException: No route to host: no further information: /192.168.43.144:6379
Caused by: java.net.NoRouteToHostException: No route to host: no further information
	at sun.nio.ch.SocketChannelImpl.checkConnect(Native Method) ~[?:1.8.0_231]
	at sun.nio.ch.SocketChannelImpl.finishConnect(SocketChannelImpl.java:717) ~[?:1.8.0_231]
	at io.netty.channel.socket.nio.NioSocketChannel.doFinishConnect(NioSocketChannel.java:330) ~[netty-transport-4.1.59.Final.jar:4.1.59.Final]
	at io.netty.channel.nio.AbstractNioChannel$AbstractNioUnsafe.finishConnect(AbstractNioChannel.java:334) [netty-transport-4.1.59.Final.jar:4.1.59.Final]
	at io.netty.channel.nio.NioEventLoop.processSelectedKey(NioEventLoop.java:707) [netty-transport-4.1.59.Final.jar:4.1.59.Final]
	at io.netty.channel.nio.NioEventLoop.processSelectedKeysOptimized(NioEventLoop.java:655) [netty-transport-4.1.59.Final.jar:4.1.59.Final]
	at io.netty.channel.nio.NioEventLoop.processSelectedKeys(NioEventLoop.java:581) [netty-transport-4.1.59.Final.jar:4.1.59.Final]
	at io.netty.channel.nio.NioEventLoop.run(NioEventLoop.java:493) [netty-transport-4.1.59.Final.jar:4.1.59.Final]
	at io.netty.util.concurrent.SingleThreadEventExecutor$4.run(SingleThreadEventExecutor.java:989) [netty-common-4.1.59.Final.jar:4.1.59.Final]
	at io.netty.util.internal.ThreadExecutorMap$2.run(ThreadExecutorMap.java:74) [netty-common-4.1.59.Final.jar:4.1.59.Final]
	at io.netty.util.concurrent.FastThreadLocalRunnable.run(FastThreadLocalRunnable.java:30) [netty-common-4.1.59.Final.jar:4.1.59.Final]
	at java.lang.Thread.run(Thread.java:748) [?:1.8.0_231]

[2021-03-08 14:33:43] WARN  io.netty.util.internal.logging.AbstractInternalLogger 105 log - Cannot reconnect to [192.168.43.144:6379]: No route to host: no further information: /192.168.43.144:6379 io.netty.channel.AbstractChannel$AnnotatedNoRouteToHostException: No route to host: no further information: /192.168.43.144:6379
Caused by: java.net.NoRouteToHostException: No route to host: no further information
	at sun.nio.ch.SocketChannelImpl.checkConnect(Native Method) ~[?:1.8.0_231]
	at sun.nio.ch.SocketChannelImpl.finishConnect(SocketChannelImpl.java:717) ~[?:1.8.0_231]
	at io.netty.channel.socket.nio.NioSocketChannel.doFinishConnect(NioSocketChannel.java:330) ~[netty-transport-4.1.59.Final.jar:4.1.59.Final]
	at io.netty.channel.nio.AbstractNioChannel$AbstractNioUnsafe.finishConnect(AbstractNioChannel.java:334) [netty-transport-4.1.59.Final.jar:4.1.59.Final]
	at io.netty.channel.nio.NioEventLoop.processSelectedKey(NioEventLoop.java:707) [netty-transport-4.1.59.Final.jar:4.1.59.Final]
	at io.netty.channel.nio.NioEventLoop.processSelectedKeysOptimized(NioEventLoop.java:655) [netty-transport-4.1.59.Final.jar:4.1.59.Final]
	at io.netty.channel.nio.NioEventLoop.processSelectedKeys(NioEventLoop.java:581) [netty-transport-4.1.59.Final.jar:4.1.59.Final]
	at io.netty.channel.nio.NioEventLoop.run(NioEventLoop.java:493) [netty-transport-4.1.59.Final.jar:4.1.59.Final]
	at io.netty.util.concurrent.SingleThreadEventExecutor$4.run(SingleThreadEventExecutor.java:989) [netty-common-4.1.59.Final.jar:4.1.59.Final]
	at io.netty.util.internal.ThreadExecutorMap$2.run(ThreadExecutorMap.java:74) [netty-common-4.1.59.Final.jar:4.1.59.Final]
	at io.netty.util.concurrent.FastThreadLocalRunnable.run(FastThreadLocalRunnable.java:30) [netty-common-4.1.59.Final.jar:4.1.59.Final]
	at java.lang.Thread.run(Thread.java:748) [?:1.8.0_231]

[2021-03-08 14:34:13] WARN  io.netty.util.internal.logging.AbstractInternalLogger 105 log - Cannot reconnect to [192.168.43.144:6379]: No route to host: no further information: /192.168.43.144:6379 io.netty.channel.AbstractChannel$AnnotatedNoRouteToHostException: No route to host: no further information: /192.168.43.144:6379
Caused by: java.net.NoRouteToHostException: No route to host: no further information
	at sun.nio.ch.SocketChannelImpl.checkConnect(Native Method) ~[?:1.8.0_231]
	at sun.nio.ch.SocketChannelImpl.finishConnect(SocketChannelImpl.java:717) ~[?:1.8.0_231]
	at io.netty.channel.socket.nio.NioSocketChannel.doFinishConnect(NioSocketChannel.java:330) ~[netty-transport-4.1.59.Final.jar:4.1.59.Final]
	at io.netty.channel.nio.AbstractNioChannel$AbstractNioUnsafe.finishConnect(AbstractNioChannel.java:334) [netty-transport-4.1.59.Final.jar:4.1.59.Final]
	at io.netty.channel.nio.NioEventLoop.processSelectedKey(NioEventLoop.java:707) [netty-transport-4.1.59.Final.jar:4.1.59.Final]
	at io.netty.channel.nio.NioEventLoop.processSelectedKeysOptimized(NioEventLoop.java:655) [netty-transport-4.1.59.Final.jar:4.1.59.Final]
	at io.netty.channel.nio.NioEventLoop.processSelectedKeys(NioEventLoop.java:581) [netty-transport-4.1.59.Final.jar:4.1.59.Final]
	at io.netty.channel.nio.NioEventLoop.run(NioEventLoop.java:493) [netty-transport-4.1.59.Final.jar:4.1.59.Final]
	at io.netty.util.concurrent.SingleThreadEventExecutor$4.run(SingleThreadEventExecutor.java:989) [netty-common-4.1.59.Final.jar:4.1.59.Final]
	at io.netty.util.internal.ThreadExecutorMap$2.run(ThreadExecutorMap.java:74) [netty-common-4.1.59.Final.jar:4.1.59.Final]
	at io.netty.util.concurrent.FastThreadLocalRunnable.run(FastThreadLocalRunnable.java:30) [netty-common-4.1.59.Final.jar:4.1.59.Final]
	at java.lang.Thread.run(Thread.java:748) [?:1.8.0_231]

[2021-03-08 14:34:43] WARN  io.netty.util.internal.logging.AbstractInternalLogger 105 log - Cannot reconnect to [192.168.43.144:6379]: No route to host: no further information: /192.168.43.144:6379 io.netty.channel.AbstractChannel$AnnotatedNoRouteToHostException: No route to host: no further information: /192.168.43.144:6379
Caused by: java.net.NoRouteToHostException: No route to host: no further information
	at sun.nio.ch.SocketChannelImpl.checkConnect(Native Method) ~[?:1.8.0_231]
	at sun.nio.ch.SocketChannelImpl.finishConnect(SocketChannelImpl.java:717) ~[?:1.8.0_231]
	at io.netty.channel.socket.nio.NioSocketChannel.doFinishConnect(NioSocketChannel.java:330) ~[netty-transport-4.1.59.Final.jar:4.1.59.Final]
	at io.netty.channel.nio.AbstractNioChannel$AbstractNioUnsafe.finishConnect(AbstractNioChannel.java:334) [netty-transport-4.1.59.Final.jar:4.1.59.Final]
	at io.netty.channel.nio.NioEventLoop.processSelectedKey(NioEventLoop.java:707) [netty-transport-4.1.59.Final.jar:4.1.59.Final]
	at io.netty.channel.nio.NioEventLoop.processSelectedKeysOptimized(NioEventLoop.java:655) [netty-transport-4.1.59.Final.jar:4.1.59.Final]
	at io.netty.channel.nio.NioEventLoop.processSelectedKeys(NioEventLoop.java:581) [netty-transport-4.1.59.Final.jar:4.1.59.Final]
	at io.netty.channel.nio.NioEventLoop.run(NioEventLoop.java:493) [netty-transport-4.1.59.Final.jar:4.1.59.Final]
	at io.netty.util.concurrent.SingleThreadEventExecutor$4.run(SingleThreadEventExecutor.java:989) [netty-common-4.1.59.Final.jar:4.1.59.Final]
	at io.netty.util.internal.ThreadExecutorMap$2.run(ThreadExecutorMap.java:74) [netty-common-4.1.59.Final.jar:4.1.59.Final]
	at io.netty.util.concurrent.FastThreadLocalRunnable.run(FastThreadLocalRunnable.java:30) [netty-common-4.1.59.Final.jar:4.1.59.Final]
	at java.lang.Thread.run(Thread.java:748) [?:1.8.0_231]

[2021-03-08 14:35:13] WARN  io.netty.util.internal.logging.AbstractInternalLogger 105 log - Cannot reconnect to [192.168.43.144:6379]: No route to host: no further information: /192.168.43.144:6379 io.netty.channel.AbstractChannel$AnnotatedNoRouteToHostException: No route to host: no further information: /192.168.43.144:6379
Caused by: java.net.NoRouteToHostException: No route to host: no further information
	at sun.nio.ch.SocketChannelImpl.checkConnect(Native Method) ~[?:1.8.0_231]
	at sun.nio.ch.SocketChannelImpl.finishConnect(SocketChannelImpl.java:717) ~[?:1.8.0_231]
	at io.netty.channel.socket.nio.NioSocketChannel.doFinishConnect(NioSocketChannel.java:330) ~[netty-transport-4.1.59.Final.jar:4.1.59.Final]
	at io.netty.channel.nio.AbstractNioChannel$AbstractNioUnsafe.finishConnect(AbstractNioChannel.java:334) [netty-transport-4.1.59.Final.jar:4.1.59.Final]
	at io.netty.channel.nio.NioEventLoop.processSelectedKey(NioEventLoop.java:707) [netty-transport-4.1.59.Final.jar:4.1.59.Final]
	at io.netty.channel.nio.NioEventLoop.processSelectedKeysOptimized(NioEventLoop.java:655) [netty-transport-4.1.59.Final.jar:4.1.59.Final]
	at io.netty.channel.nio.NioEventLoop.processSelectedKeys(NioEventLoop.java:581) [netty-transport-4.1.59.Final.jar:4.1.59.Final]
	at io.netty.channel.nio.NioEventLoop.run(NioEventLoop.java:493) [netty-transport-4.1.59.Final.jar:4.1.59.Final]
	at io.netty.util.concurrent.SingleThreadEventExecutor$4.run(SingleThreadEventExecutor.java:989) [netty-common-4.1.59.Final.jar:4.1.59.Final]
	at io.netty.util.internal.ThreadExecutorMap$2.run(ThreadExecutorMap.java:74) [netty-common-4.1.59.Final.jar:4.1.59.Final]
	at io.netty.util.concurrent.FastThreadLocalRunnable.run(FastThreadLocalRunnable.java:30) [netty-common-4.1.59.Final.jar:4.1.59.Final]
	at java.lang.Thread.run(Thread.java:748) [?:1.8.0_231]

[2021-03-08 14:35:43] WARN  io.netty.util.internal.logging.AbstractInternalLogger 105 log - Cannot reconnect to [192.168.43.144:6379]: No route to host: no further information: /192.168.43.144:6379 io.netty.channel.AbstractChannel$AnnotatedNoRouteToHostException: No route to host: no further information: /192.168.43.144:6379
Caused by: java.net.NoRouteToHostException: No route to host: no further information
	at sun.nio.ch.SocketChannelImpl.checkConnect(Native Method) ~[?:1.8.0_231]
	at sun.nio.ch.SocketChannelImpl.finishConnect(SocketChannelImpl.java:717) ~[?:1.8.0_231]
	at io.netty.channel.socket.nio.NioSocketChannel.doFinishConnect(NioSocketChannel.java:330) ~[netty-transport-4.1.59.Final.jar:4.1.59.Final]
	at io.netty.channel.nio.AbstractNioChannel$AbstractNioUnsafe.finishConnect(AbstractNioChannel.java:334) [netty-transport-4.1.59.Final.jar:4.1.59.Final]
	at io.netty.channel.nio.NioEventLoop.processSelectedKey(NioEventLoop.java:707) [netty-transport-4.1.59.Final.jar:4.1.59.Final]
	at io.netty.channel.nio.NioEventLoop.processSelectedKeysOptimized(NioEventLoop.java:655) [netty-transport-4.1.59.Final.jar:4.1.59.Final]
	at io.netty.channel.nio.NioEventLoop.processSelectedKeys(NioEventLoop.java:581) [netty-transport-4.1.59.Final.jar:4.1.59.Final]
	at io.netty.channel.nio.NioEventLoop.run(NioEventLoop.java:493) [netty-transport-4.1.59.Final.jar:4.1.59.Final]
	at io.netty.util.concurrent.SingleThreadEventExecutor$4.run(SingleThreadEventExecutor.java:989) [netty-common-4.1.59.Final.jar:4.1.59.Final]
	at io.netty.util.internal.ThreadExecutorMap$2.run(ThreadExecutorMap.java:74) [netty-common-4.1.59.Final.jar:4.1.59.Final]
	at io.netty.util.concurrent.FastThreadLocalRunnable.run(FastThreadLocalRunnable.java:30) [netty-common-4.1.59.Final.jar:4.1.59.Final]
	at java.lang.Thread.run(Thread.java:748) [?:1.8.0_231]

[2021-03-08 14:36:13] WARN  io.netty.util.internal.logging.AbstractInternalLogger 105 log - Cannot reconnect to [192.168.43.144:6379]: No route to host: no further information: /192.168.43.144:6379 io.netty.channel.AbstractChannel$AnnotatedNoRouteToHostException: No route to host: no further information: /192.168.43.144:6379
Caused by: java.net.NoRouteToHostException: No route to host: no further information
	at sun.nio.ch.SocketChannelImpl.checkConnect(Native Method) ~[?:1.8.0_231]
	at sun.nio.ch.SocketChannelImpl.finishConnect(SocketChannelImpl.java:717) ~[?:1.8.0_231]
	at io.netty.channel.socket.nio.NioSocketChannel.doFinishConnect(NioSocketChannel.java:330) ~[netty-transport-4.1.59.Final.jar:4.1.59.Final]
	at io.netty.channel.nio.AbstractNioChannel$AbstractNioUnsafe.finishConnect(AbstractNioChannel.java:334) [netty-transport-4.1.59.Final.jar:4.1.59.Final]
	at io.netty.channel.nio.NioEventLoop.processSelectedKey(NioEventLoop.java:707) [netty-transport-4.1.59.Final.jar:4.1.59.Final]
	at io.netty.channel.nio.NioEventLoop.processSelectedKeysOptimized(NioEventLoop.java:655) [netty-transport-4.1.59.Final.jar:4.1.59.Final]
	at io.netty.channel.nio.NioEventLoop.processSelectedKeys(NioEventLoop.java:581) [netty-transport-4.1.59.Final.jar:4.1.59.Final]
	at io.netty.channel.nio.NioEventLoop.run(NioEventLoop.java:493) [netty-transport-4.1.59.Final.jar:4.1.59.Final]
	at io.netty.util.concurrent.SingleThreadEventExecutor$4.run(SingleThreadEventExecutor.java:989) [netty-common-4.1.59.Final.jar:4.1.59.Final]
	at io.netty.util.internal.ThreadExecutorMap$2.run(ThreadExecutorMap.java:74) [netty-common-4.1.59.Final.jar:4.1.59.Final]
	at io.netty.util.concurrent.FastThreadLocalRunnable.run(FastThreadLocalRunnable.java:30) [netty-common-4.1.59.Final.jar:4.1.59.Final]
	at java.lang.Thread.run(Thread.java:748) [?:1.8.0_231]

[2021-03-08 14:36:43] WARN  io.netty.util.internal.logging.AbstractInternalLogger 105 log - Cannot reconnect to [192.168.43.144:6379]: No route to host: no further information: /192.168.43.144:6379 io.netty.channel.AbstractChannel$AnnotatedNoRouteToHostException: No route to host: no further information: /192.168.43.144:6379
Caused by: java.net.NoRouteToHostException: No route to host: no further information
	at sun.nio.ch.SocketChannelImpl.checkConnect(Native Method) ~[?:1.8.0_231]
	at sun.nio.ch.SocketChannelImpl.finishConnect(SocketChannelImpl.java:717) ~[?:1.8.0_231]
	at io.netty.channel.socket.nio.NioSocketChannel.doFinishConnect(NioSocketChannel.java:330) ~[netty-transport-4.1.59.Final.jar:4.1.59.Final]
	at io.netty.channel.nio.AbstractNioChannel$AbstractNioUnsafe.finishConnect(AbstractNioChannel.java:334) [netty-transport-4.1.59.Final.jar:4.1.59.Final]
	at io.netty.channel.nio.NioEventLoop.processSelectedKey(NioEventLoop.java:707) [netty-transport-4.1.59.Final.jar:4.1.59.Final]
	at io.netty.channel.nio.NioEventLoop.processSelectedKeysOptimized(NioEventLoop.java:655) [netty-transport-4.1.59.Final.jar:4.1.59.Final]
	at io.netty.channel.nio.NioEventLoop.processSelectedKeys(NioEventLoop.java:581) [netty-transport-4.1.59.Final.jar:4.1.59.Final]
	at io.netty.channel.nio.NioEventLoop.run(NioEventLoop.java:493) [netty-transport-4.1.59.Final.jar:4.1.59.Final]
	at io.netty.util.concurrent.SingleThreadEventExecutor$4.run(SingleThreadEventExecutor.java:989) [netty-common-4.1.59.Final.jar:4.1.59.Final]
	at io.netty.util.internal.ThreadExecutorMap$2.run(ThreadExecutorMap.java:74) [netty-common-4.1.59.Final.jar:4.1.59.Final]
	at io.netty.util.concurrent.FastThreadLocalRunnable.run(FastThreadLocalRunnable.java:30) [netty-common-4.1.59.Final.jar:4.1.59.Final]
	at java.lang.Thread.run(Thread.java:748) [?:1.8.0_231]

[2021-03-08 14:37:14] WARN  io.netty.util.internal.logging.AbstractInternalLogger 105 log - Cannot reconnect to [192.168.43.144:6379]: No route to host: no further information: /192.168.43.144:6379 io.netty.channel.AbstractChannel$AnnotatedNoRouteToHostException: No route to host: no further information: /192.168.43.144:6379
Caused by: java.net.NoRouteToHostException: No route to host: no further information
	at sun.nio.ch.SocketChannelImpl.checkConnect(Native Method) ~[?:1.8.0_231]
	at sun.nio.ch.SocketChannelImpl.finishConnect(SocketChannelImpl.java:717) ~[?:1.8.0_231]
	at io.netty.channel.socket.nio.NioSocketChannel.doFinishConnect(NioSocketChannel.java:330) ~[netty-transport-4.1.59.Final.jar:4.1.59.Final]
	at io.netty.channel.nio.AbstractNioChannel$AbstractNioUnsafe.finishConnect(AbstractNioChannel.java:334) [netty-transport-4.1.59.Final.jar:4.1.59.Final]
	at io.netty.channel.nio.NioEventLoop.processSelectedKey(NioEventLoop.java:707) [netty-transport-4.1.59.Final.jar:4.1.59.Final]
	at io.netty.channel.nio.NioEventLoop.processSelectedKeysOptimized(NioEventLoop.java:655) [netty-transport-4.1.59.Final.jar:4.1.59.Final]
	at io.netty.channel.nio.NioEventLoop.processSelectedKeys(NioEventLoop.java:581) [netty-transport-4.1.59.Final.jar:4.1.59.Final]
	at io.netty.channel.nio.NioEventLoop.run(NioEventLoop.java:493) [netty-transport-4.1.59.Final.jar:4.1.59.Final]
	at io.netty.util.concurrent.SingleThreadEventExecutor$4.run(SingleThreadEventExecutor.java:989) [netty-common-4.1.59.Final.jar:4.1.59.Final]
	at io.netty.util.internal.ThreadExecutorMap$2.run(ThreadExecutorMap.java:74) [netty-common-4.1.59.Final.jar:4.1.59.Final]
	at io.netty.util.concurrent.FastThreadLocalRunnable.run(FastThreadLocalRunnable.java:30) [netty-common-4.1.59.Final.jar:4.1.59.Final]
	at java.lang.Thread.run(Thread.java:748) [?:1.8.0_231]

[2021-03-08 14:37:44] WARN  io.netty.util.internal.logging.AbstractInternalLogger 105 log - Cannot reconnect to [192.168.43.144:6379]: No route to host: no further information: /192.168.43.144:6379 io.netty.channel.AbstractChannel$AnnotatedNoRouteToHostException: No route to host: no further information: /192.168.43.144:6379
Caused by: java.net.NoRouteToHostException: No route to host: no further information
	at sun.nio.ch.SocketChannelImpl.checkConnect(Native Method) ~[?:1.8.0_231]
	at sun.nio.ch.SocketChannelImpl.finishConnect(SocketChannelImpl.java:717) ~[?:1.8.0_231]
	at io.netty.channel.socket.nio.NioSocketChannel.doFinishConnect(NioSocketChannel.java:330) ~[netty-transport-4.1.59.Final.jar:4.1.59.Final]
	at io.netty.channel.nio.AbstractNioChannel$AbstractNioUnsafe.finishConnect(AbstractNioChannel.java:334) [netty-transport-4.1.59.Final.jar:4.1.59.Final]
	at io.netty.channel.nio.NioEventLoop.processSelectedKey(NioEventLoop.java:707) [netty-transport-4.1.59.Final.jar:4.1.59.Final]
	at io.netty.channel.nio.NioEventLoop.processSelectedKeysOptimized(NioEventLoop.java:655) [netty-transport-4.1.59.Final.jar:4.1.59.Final]
	at io.netty.channel.nio.NioEventLoop.processSelectedKeys(NioEventLoop.java:581) [netty-transport-4.1.59.Final.jar:4.1.59.Final]
	at io.netty.channel.nio.NioEventLoop.run(NioEventLoop.java:493) [netty-transport-4.1.59.Final.jar:4.1.59.Final]
	at io.netty.util.concurrent.SingleThreadEventExecutor$4.run(SingleThreadEventExecutor.java:989) [netty-common-4.1.59.Final.jar:4.1.59.Final]
	at io.netty.util.internal.ThreadExecutorMap$2.run(ThreadExecutorMap.java:74) [netty-common-4.1.59.Final.jar:4.1.59.Final]
	at io.netty.util.concurrent.FastThreadLocalRunnable.run(FastThreadLocalRunnable.java:30) [netty-common-4.1.59.Final.jar:4.1.59.Final]
	at java.lang.Thread.run(Thread.java:748) [?:1.8.0_231]

[2021-03-08 15:39:06] WARN  io.netty.util.internal.logging.AbstractInternalLogger 105 log - Cannot reconnect to [192.168.43.144:6379]: No route to host: no further information: /192.168.43.144:6379 io.netty.channel.AbstractChannel$AnnotatedNoRouteToHostException: No route to host: no further information: /192.168.43.144:6379
Caused by: java.net.NoRouteToHostException: No route to host: no further information
	at sun.nio.ch.SocketChannelImpl.checkConnect(Native Method) ~[?:1.8.0_231]
	at sun.nio.ch.SocketChannelImpl.finishConnect(SocketChannelImpl.java:717) ~[?:1.8.0_231]
	at io.netty.channel.socket.nio.NioSocketChannel.doFinishConnect(NioSocketChannel.java:330) ~[netty-transport-4.1.59.Final.jar:4.1.59.Final]
	at io.netty.channel.nio.AbstractNioChannel$AbstractNioUnsafe.finishConnect(AbstractNioChannel.java:334) [netty-transport-4.1.59.Final.jar:4.1.59.Final]
	at io.netty.channel.nio.NioEventLoop.processSelectedKey(NioEventLoop.java:707) [netty-transport-4.1.59.Final.jar:4.1.59.Final]
	at io.netty.channel.nio.NioEventLoop.processSelectedKeysOptimized(NioEventLoop.java:655) [netty-transport-4.1.59.Final.jar:4.1.59.Final]
	at io.netty.channel.nio.NioEventLoop.processSelectedKeys(NioEventLoop.java:581) [netty-transport-4.1.59.Final.jar:4.1.59.Final]
	at io.netty.channel.nio.NioEventLoop.run(NioEventLoop.java:493) [netty-transport-4.1.59.Final.jar:4.1.59.Final]
	at io.netty.util.concurrent.SingleThreadEventExecutor$4.run(SingleThreadEventExecutor.java:989) [netty-common-4.1.59.Final.jar:4.1.59.Final]
	at io.netty.util.internal.ThreadExecutorMap$2.run(ThreadExecutorMap.java:74) [netty-common-4.1.59.Final.jar:4.1.59.Final]
	at io.netty.util.concurrent.FastThreadLocalRunnable.run(FastThreadLocalRunnable.java:30) [netty-common-4.1.59.Final.jar:4.1.59.Final]
	at java.lang.Thread.run(Thread.java:748) [?:1.8.0_231]

[2021-03-08 15:39:36] WARN  io.netty.util.internal.logging.AbstractInternalLogger 105 log - Cannot reconnect to [192.168.43.144:6379]: No route to host: no further information: /192.168.43.144:6379 io.netty.channel.AbstractChannel$AnnotatedNoRouteToHostException: No route to host: no further information: /192.168.43.144:6379
Caused by: java.net.NoRouteToHostException: No route to host: no further information
	at sun.nio.ch.SocketChannelImpl.checkConnect(Native Method) ~[?:1.8.0_231]
	at sun.nio.ch.SocketChannelImpl.finishConnect(SocketChannelImpl.java:717) ~[?:1.8.0_231]
	at io.netty.channel.socket.nio.NioSocketChannel.doFinishConnect(NioSocketChannel.java:330) ~[netty-transport-4.1.59.Final.jar:4.1.59.Final]
	at io.netty.channel.nio.AbstractNioChannel$AbstractNioUnsafe.finishConnect(AbstractNioChannel.java:334) [netty-transport-4.1.59.Final.jar:4.1.59.Final]
	at io.netty.channel.nio.NioEventLoop.processSelectedKey(NioEventLoop.java:707) [netty-transport-4.1.59.Final.jar:4.1.59.Final]
	at io.netty.channel.nio.NioEventLoop.processSelectedKeysOptimized(NioEventLoop.java:655) [netty-transport-4.1.59.Final.jar:4.1.59.Final]
	at io.netty.channel.nio.NioEventLoop.processSelectedKeys(NioEventLoop.java:581) [netty-transport-4.1.59.Final.jar:4.1.59.Final]
	at io.netty.channel.nio.NioEventLoop.run(NioEventLoop.java:493) [netty-transport-4.1.59.Final.jar:4.1.59.Final]
	at io.netty.util.concurrent.SingleThreadEventExecutor$4.run(SingleThreadEventExecutor.java:989) [netty-common-4.1.59.Final.jar:4.1.59.Final]
	at io.netty.util.internal.ThreadExecutorMap$2.run(ThreadExecutorMap.java:74) [netty-common-4.1.59.Final.jar:4.1.59.Final]
	at io.netty.util.concurrent.FastThreadLocalRunnable.run(FastThreadLocalRunnable.java:30) [netty-common-4.1.59.Final.jar:4.1.59.Final]
	at java.lang.Thread.run(Thread.java:748) [?:1.8.0_231]

[2021-03-08 15:40:06] WARN  io.netty.util.internal.logging.AbstractInternalLogger 105 log - Cannot reconnect to [192.168.43.144:6379]: No route to host: no further information: /192.168.43.144:6379 io.netty.channel.AbstractChannel$AnnotatedNoRouteToHostException: No route to host: no further information: /192.168.43.144:6379
Caused by: java.net.NoRouteToHostException: No route to host: no further information
	at sun.nio.ch.SocketChannelImpl.checkConnect(Native Method) ~[?:1.8.0_231]
	at sun.nio.ch.SocketChannelImpl.finishConnect(SocketChannelImpl.java:717) ~[?:1.8.0_231]
	at io.netty.channel.socket.nio.NioSocketChannel.doFinishConnect(NioSocketChannel.java:330) ~[netty-transport-4.1.59.Final.jar:4.1.59.Final]
	at io.netty.channel.nio.AbstractNioChannel$AbstractNioUnsafe.finishConnect(AbstractNioChannel.java:334) [netty-transport-4.1.59.Final.jar:4.1.59.Final]
	at io.netty.channel.nio.NioEventLoop.processSelectedKey(NioEventLoop.java:707) [netty-transport-4.1.59.Final.jar:4.1.59.Final]
	at io.netty.channel.nio.NioEventLoop.processSelectedKeysOptimized(NioEventLoop.java:655) [netty-transport-4.1.59.Final.jar:4.1.59.Final]
	at io.netty.channel.nio.NioEventLoop.processSelectedKeys(NioEventLoop.java:581) [netty-transport-4.1.59.Final.jar:4.1.59.Final]
	at io.netty.channel.nio.NioEventLoop.run(NioEventLoop.java:493) [netty-transport-4.1.59.Final.jar:4.1.59.Final]
	at io.netty.util.concurrent.SingleThreadEventExecutor$4.run(SingleThreadEventExecutor.java:989) [netty-common-4.1.59.Final.jar:4.1.59.Final]
	at io.netty.util.internal.ThreadExecutorMap$2.run(ThreadExecutorMap.java:74) [netty-common-4.1.59.Final.jar:4.1.59.Final]
	at io.netty.util.concurrent.FastThreadLocalRunnable.run(FastThreadLocalRunnable.java:30) [netty-common-4.1.59.Final.jar:4.1.59.Final]
	at java.lang.Thread.run(Thread.java:748) [?:1.8.0_231]

[2021-03-08 15:40:36] WARN  io.netty.util.internal.logging.AbstractInternalLogger 105 log - Cannot reconnect to [192.168.43.144:6379]: No route to host: no further information: /192.168.43.144:6379 io.netty.channel.AbstractChannel$AnnotatedNoRouteToHostException: No route to host: no further information: /192.168.43.144:6379
Caused by: java.net.NoRouteToHostException: No route to host: no further information
	at sun.nio.ch.SocketChannelImpl.checkConnect(Native Method) ~[?:1.8.0_231]
	at sun.nio.ch.SocketChannelImpl.finishConnect(SocketChannelImpl.java:717) ~[?:1.8.0_231]
	at io.netty.channel.socket.nio.NioSocketChannel.doFinishConnect(NioSocketChannel.java:330) ~[netty-transport-4.1.59.Final.jar:4.1.59.Final]
	at io.netty.channel.nio.AbstractNioChannel$AbstractNioUnsafe.finishConnect(AbstractNioChannel.java:334) [netty-transport-4.1.59.Final.jar:4.1.59.Final]
	at io.netty.channel.nio.NioEventLoop.processSelectedKey(NioEventLoop.java:707) [netty-transport-4.1.59.Final.jar:4.1.59.Final]
	at io.netty.channel.nio.NioEventLoop.processSelectedKeysOptimized(NioEventLoop.java:655) [netty-transport-4.1.59.Final.jar:4.1.59.Final]
	at io.netty.channel.nio.NioEventLoop.processSelectedKeys(NioEventLoop.java:581) [netty-transport-4.1.59.Final.jar:4.1.59.Final]
	at io.netty.channel.nio.NioEventLoop.run(NioEventLoop.java:493) [netty-transport-4.1.59.Final.jar:4.1.59.Final]
	at io.netty.util.concurrent.SingleThreadEventExecutor$4.run(SingleThreadEventExecutor.java:989) [netty-common-4.1.59.Final.jar:4.1.59.Final]
	at io.netty.util.internal.ThreadExecutorMap$2.run(ThreadExecutorMap.java:74) [netty-common-4.1.59.Final.jar:4.1.59.Final]
	at io.netty.util.concurrent.FastThreadLocalRunnable.run(FastThreadLocalRunnable.java:30) [netty-common-4.1.59.Final.jar:4.1.59.Final]
	at java.lang.Thread.run(Thread.java:748) [?:1.8.0_231]

[2021-03-08 15:41:06] WARN  io.netty.util.internal.logging.AbstractInternalLogger 105 log - Cannot reconnect to [192.168.43.144:6379]: No route to host: no further information: /192.168.43.144:6379 io.netty.channel.AbstractChannel$AnnotatedNoRouteToHostException: No route to host: no further information: /192.168.43.144:6379
Caused by: java.net.NoRouteToHostException: No route to host: no further information
	at sun.nio.ch.SocketChannelImpl.checkConnect(Native Method) ~[?:1.8.0_231]
	at sun.nio.ch.SocketChannelImpl.finishConnect(SocketChannelImpl.java:717) ~[?:1.8.0_231]
	at io.netty.channel.socket.nio.NioSocketChannel.doFinishConnect(NioSocketChannel.java:330) ~[netty-transport-4.1.59.Final.jar:4.1.59.Final]
	at io.netty.channel.nio.AbstractNioChannel$AbstractNioUnsafe.finishConnect(AbstractNioChannel.java:334) [netty-transport-4.1.59.Final.jar:4.1.59.Final]
	at io.netty.channel.nio.NioEventLoop.processSelectedKey(NioEventLoop.java:707) [netty-transport-4.1.59.Final.jar:4.1.59.Final]
	at io.netty.channel.nio.NioEventLoop.processSelectedKeysOptimized(NioEventLoop.java:655) [netty-transport-4.1.59.Final.jar:4.1.59.Final]
	at io.netty.channel.nio.NioEventLoop.processSelectedKeys(NioEventLoop.java:581) [netty-transport-4.1.59.Final.jar:4.1.59.Final]
	at io.netty.channel.nio.NioEventLoop.run(NioEventLoop.java:493) [netty-transport-4.1.59.Final.jar:4.1.59.Final]
	at io.netty.util.concurrent.SingleThreadEventExecutor$4.run(SingleThreadEventExecutor.java:989) [netty-common-4.1.59.Final.jar:4.1.59.Final]
	at io.netty.util.internal.ThreadExecutorMap$2.run(ThreadExecutorMap.java:74) [netty-common-4.1.59.Final.jar:4.1.59.Final]
	at io.netty.util.concurrent.FastThreadLocalRunnable.run(FastThreadLocalRunnable.java:30) [netty-common-4.1.59.Final.jar:4.1.59.Final]
	at java.lang.Thread.run(Thread.java:748) [?:1.8.0_231]

